<?xml version='1.0' encoding='UTF-8'?>
<testsuite name="JUnit Jupiter" tests="218" skipped="2" failures="10" errors="6" time="13.438" hostname="DESKTOP-JJM3BL5" timestamp="2021-12-27T19:39:27">
<properties>
[...]
</properties>
<testcase name="test_123718()" classname="com.evie.autotest.platform.testcase.example.xUnit0410.TestJunit5Example" time="0.25">
<system-out><![CDATA[
unique-id: [engine:junit-jupiter]/[class:com.evie.autotest.platform.testcase.example.xUnit0410.TestJunit5Example]/[method:test_123718()]
display-name: test 123718
]]></system-out>
</testcase>
<testcase name="test_1273917()[10]" classname="com.evie.autotest.platform.testcase.example.xUnit0410.TestJunit5Example" time="0.001">
<system-out><![CDATA[
unique-id: [engine:junit-jupiter]/[class:com.evie.autotest.platform.testcase.example.xUnit0410.TestJunit5Example]/[test-template:test_1273917()]/[test-template-invocation:#10]
display-name: repetition 10 of 10
]]></system-out>
</testcase>
<testcase name="test_12989(String)[1]" classname="com.evie.autotest.platform.testcase.example.xUnit0410.TestJunit5Example" time="0">
<system-out><![CDATA[
unique-id: [engine:junit-jupiter]/[class:com.evie.autotest.platform.testcase.example.xUnit0410.TestJunit5Example]/[test-template:test_12989(java.lang.String)]/[test-template-invocation:#1]
display-name: [1] test=test
]]></system-out>
</testcase>
<testcase name="test_a_1_a_1()" classname="com.evie.autotest.platform.testcase.example.xUnit0410.TestJunit5Example" time="0">
<skipped><![CDATA[void com.evie.autotest.platform.testcase.example.xUnit0410.TestJunit5Example.test_a_1_a_1() is @Disabled]]></skipped>
<system-out><![CDATA[
unique-id: [engine:junit-jupiter]/[class:com.evie.autotest.platform.testcase.example.xUnit0410.TestJunit5Example]/[method:test_a_1_a_1()]
display-name: test a 1 a 1
]]></system-out>
</testcase>
<testcase name="testWithExplicitJavaTimeConverter(LocalDate)[2]" classname="com.evie.autotest.platform.testcase.example.xUnit0410.TestJunit5Example" time="0.001">
<system-out><![CDATA[
unique-id: [engine:junit-jupiter]/[class:com.evie.autotest.platform.testcase.example.xUnit0410.TestJunit5Example]/[test-template:testWithExplicitJavaTimeConverter(java.time.LocalDate)]/[test-template-invocation:#2]
display-name: [2] argument=2017.12.31
]]></system-out>
</testcase>
<testcase name="testWithExplicitJavaTimeConverter(LocalDate)[1]" classname="com.evie.autotest.platform.testcase.example.xUnit0410.TestJunit5Example" time="0.004">
<system-out><![CDATA[
unique-id: [engine:junit-jupiter]/[class:com.evie.autotest.platform.testcase.example.xUnit0410.TestJunit5Example]/[test-template:testWithExplicitJavaTimeConverter(java.time.LocalDate)]/[test-template-invocation:#1]
display-name: [1] argument=2017.01.01
]]></system-out>
</testcase>
<testcase name="test_127389172()" classname="com.evie.autotest.platform.testcase.example.xUnit0410.TestJunit5Example" time="0.001">
<system-out><![CDATA[
unique-id: [engine:junit-jupiter]/[class:com.evie.autotest.platform.testcase.example.xUnit0410.TestJunit5Example]/[method:test_127389172()]
display-name: test 127389172
]]></system-out>
</testcase>
<testcase name="returnElementWhenPopped()" classname="com.evie.autotest.platform.testcase.example.xUnit0410.TestJunit5Example$WhenNew$AfterPushing" time="0.001">
<system-out><![CDATA[
unique-id: [engine:junit-jupiter]/[class:com.evie.autotest.platform.testcase.example.xUnit0410.TestJunit5Example]/[nested-class:WhenNew]/[nested-class:AfterPushing]/[method:returnElementWhenPopped()]
display-name: returns the element when popped and is empty
]]></system-out>
</testcase>
<testcase name="test_12739172(List)[1]" classname="com.evie.autotest.platform.testcase.example.xUnit0410.TestJunit5Example" time="0.003">
<system-out><![CDATA[
unique-id: [engine:junit-jupiter]/[class:com.evie.autotest.platform.testcase.example.xUnit0410.TestJunit5Example]/[test-template:test_12739172(java.util.List)]/[test-template-invocation:#1]
display-name: [1] jsonObject=[1,2]
]]></system-out>
</testcase>
<testcase name="test_12738(Object)[1]" classname="com.evie.autotest.platform.testcase.example.xUnit0410.TestJunit5Example" time="0.001">
<error message="syntax error, expect {, actual [, pos 1, line 1, column 2[&#xd;&#xa;  {&#xd;&#xa;    &quot;name&quot;: &quot;wwrtx.i18n_lan&quot;,&#xd;&#xa;    &quot;value&quot;: &quot;en&quot;,&#xd;&#xa;    &quot;url&quot;: null,&#xd;&#xa;    &quot;domain&quot;: &quot;.work.weixin.qq.com&quot;,&#xd;&#xa;    &quot;path&quot;: &quot;/&quot;,&#xd;&#xa;    &quot;expires&quot;: 1.625136792921994E9,&#xd;&#xa;    &quot;httpOnly&quot;: false,&#xd;&#xa;    &quot;secure&quot;: false,&#xd;&#xa;    &quot;sameSite&quot;: &quot;NONE&quot;&#xd;&#xa;  },&#xd;&#xa;  {&#xd;&#xa;    &quot;name&quot;: &quot;wwrtx.c_gdpr&quot;,&#xd;&#xa;    &quot;value&quot;: &quot;0&quot;,&#xd;&#xa;    &quot;url&quot;: null,&#xd;&#xa;    &quot;domain&quot;: &quot;.work.weixin.qq.com&quot;,&#xd;&#xa;    &quot;path&quot;: &quot;/&quot;,&#xd;&#xa;    &quot;expires&quot;: 1.654080789224214E9,&#xd;&#xa;    &quot;httpOnly&quot;: false,&#xd;&#xa;    &quot;secure&quot;: false,&#xd;&#xa;    &quot;sameSite&quot;: &quot;NONE&quot;&#xd;&#xa;  },&#xd;&#xa;  {&#xd;&#xa;    &quot;name&quot;: &quot;ww_rtkey&quot;,&#xd;&#xa;    &quot;value&quot;: &quot;f82juj&quot;,&#xd;&#xa;    &quot;url&quot;: null,&#xd;&#xa;    &quot;domain&quot;: &quot;work.weixin.qq.com&quot;,&#xd;&#xa;    &quot;path&quot;: &quot;/&quot;,&#xd;&#xa;    &quot;expires&quot;: 1.622576325224188E9,&#xd;&#xa;    &quot;httpOnly&quot;: true,&#xd;&#xa;    &quot;secure&quot;: false,&#xd;&#xa;    &quot;sameSite&quot;: &quot;NONE&quot;&#xd;&#xa;  },&#xd;&#xa;  {&#xd;&#xa;    &quot;name&quot;: &quot;wwrtx.ref&quot;,&#xd;&#xa;    &quot;value&quot;: &quot;direct&quot;,&#xd;&#xa;    &quot;url&quot;: null,&#xd;&#xa;    &quot;domain&quot;: &quot;.work.weixin.qq.com&quot;,&#xd;&#xa;    &quot;path&quot;: &quot;/&quot;,&#xd;&#xa;    &quot;expires&quot;: -1.0,&#xd;&#xa;    &quot;httpOnly&quot;: true,&#xd;&#xa;    &quot;secure&quot;: false,&#xd;&#xa;    &quot;sameSite&quot;: &quot;NONE&quot;&#xd;&#xa;  },&#xd;&#xa;  {&#xd;&#xa;    &quot;name&quot;: &quot;wwrtx.refid&quot;,&#xd;&#xa;    &quot;value&quot;: &quot;32092631463189568&quot;,&#xd;&#xa;    &quot;url&quot;: null,&#xd;&#xa;    &quot;domain&quot;: &quot;.work.weixin.qq.com&quot;,&#xd;&#xa;    &quot;path&quot;: &quot;/&quot;,&#xd;&#xa;    &quot;expires&quot;: -1.0,&#xd;&#xa;    &quot;httpOnly&quot;: true,&#xd;&#xa;    &quot;secure&quot;: false,&#xd;&#xa;    &quot;sameSite&quot;: &quot;NONE&quot;&#xd;&#xa;  },&#xd;&#xa;  {&#xd;&#xa;    &quot;name&quot;: &quot;_ga&quot;,&#xd;&#xa;    &quot;value&quot;: &quot;GA1.2.352916521.1622544791&quot;,&#xd;&#xa;    &quot;url&quot;: null,&#xd;&#xa;    &quot;domain&quot;: &quot;.qq.com&quot;,&#xd;&#xa;    &quot;path&quot;: &quot;/&quot;,&#xd;&#xa;    &quot;expires&quot;: 1.68561679E9,&#xd;&#xa;    &quot;httpOnly&quot;: false,&#xd;&#xa;    &quot;secure&quot;: false,&#xd;&#xa;    &quot;sameSite&quot;: &quot;NONE&quot;&#xd;&#xa;  },&#xd;&#xa;  {&#xd;&#xa;    &quot;name&quot;: &quot;_gid&quot;,&#xd;&#xa;    &quot;value&quot;: &quot;GA1.2.387479121.1622544791&quot;,&#xd;&#xa;    &quot;url&quot;: null,&#xd;&#xa;    &quot;domain&quot;: &quot;.qq.com&quot;,&#xd;&#xa;    &quot;path&quot;: &quot;/&quot;,&#xd;&#xa;    &quot;expires&quot;: 1.62263119E9,&#xd;&#xa;    &quot;httpOnly&quot;: false,&#xd;&#xa;    &quot;secure&quot;: false,&#xd;&#xa;    &quot;sameSite&quot;: &quot;NONE&quot;&#xd;&#xa;  },&#xd;&#xa;  {&#xd;&#xa;    &quot;name&quot;: &quot;_gat&quot;,&#xd;&#xa;    &quot;value&quot;: &quot;1&quot;,&#xd;&#xa;    &quot;url&quot;: null,&#xd;&#xa;    &quot;domain&quot;: &quot;.qq.com&quot;,&#xd;&#xa;    &quot;path&quot;: &quot;/&quot;,&#xd;&#xa;    &quot;expires&quot;: 1.62254485E9,&#xd;&#xa;    &quot;httpOnly&quot;: false,&#xd;&#xa;    &quot;secure&quot;: false,&#xd;&#xa;    &quot;sameSite&quot;: &quot;NONE&quot;&#xd;&#xa;  }&#xd;&#xa;]" type="com.alibaba.fastjson.JSONException"><![CDATA[com.alibaba.fastjson.JSONException: syntax error, expect {, actual [, pos 1, line 1, column 2[
  {
    "name": "wwrtx.i18n_lan",
    "value": "en",
    "url": null,
    "domain": ".work.weixin.qq.com",
    "path": "/",
    "expires": 1.625136792921994E9,
    "httpOnly": false,
    "secure": false,
    "sameSite": "NONE"
  },
  {
    "name": "wwrtx.c_gdpr",
    "value": "0",
    "url": null,
    "domain": ".work.weixin.qq.com",
    "path": "/",
    "expires": 1.654080789224214E9,
    "httpOnly": false,
    "secure": false,
    "sameSite": "NONE"
  },
  {
    "name": "ww_rtkey",
    "value": "f82juj",
    "url": null,
    "domain": "work.weixin.qq.com",
    "path": "/",
    "expires": 1.622576325224188E9,
    "httpOnly": true,
    "secure": false,
    "sameSite": "NONE"
  },
  {
    "name": "wwrtx.ref",
    "value": "direct",
    "url": null,
    "domain": ".work.weixin.qq.com",
    "path": "/",
    "expires": -1.0,
    "httpOnly": true,
    "secure": false,
    "sameSite": "NONE"
  },
  {
    "name": "wwrtx.refid",
    "value": "32092631463189568",
    "url": null,
    "domain": ".work.weixin.qq.com",
    "path": "/",
    "expires": -1.0,
    "httpOnly": true,
    "secure": false,
    "sameSite": "NONE"
  },
  {
    "name": "_ga",
    "value": "GA1.2.352916521.1622544791",
    "url": null,
    "domain": ".qq.com",
    "path": "/",
    "expires": 1.68561679E9,
    "httpOnly": false,
    "secure": false,
    "sameSite": "NONE"
  },
  {
    "name": "_gid",
    "value": "GA1.2.387479121.1622544791",
    "url": null,
    "domain": ".qq.com",
    "path": "/",
    "expires": 1.62263119E9,
    "httpOnly": false,
    "secure": false,
    "sameSite": "NONE"
  },
  {
    "name": "_gat",
    "value": "1",
    "url": null,
    "domain": ".qq.com",
    "path": "/",
    "expires": 1.62254485E9,
    "httpOnly": false,
    "secure": false,
    "sameSite": "NONE"
  }
]
	at com.alibaba.fastjson.parser.DefaultJSONParser.parseObject(DefaultJSONParser.java:208)
	at com.alibaba.fastjson.parser.DefaultJSONParser.parseObject(DefaultJSONParser.java:1152)
	at com.alibaba.fastjson.parser.DefaultJSONParser.parseObject(DefaultJSONParser.java:1157)
	at com.alibaba.fastjson.parser.deserializer.MapDeserializer.deserialze(MapDeserializer.java:23)
	at com.alibaba.fastjson.parser.deserializer.ContextObjectDeserializer.deserialze(ContextObjectDeserializer.java:9)
	at com.alibaba.fastjson.parser.DefaultJSONParser.parseObject(DefaultJSONParser.java:708)
	at com.alibaba.fastjson.JSON.parseObject(JSON.java:394)
	at com.alibaba.fastjson.JSON.parseObject(JSON.java:476)
	at com.alibaba.fastjson.JSON.parseObject(JSON.java:584)
	at com.alibaba.fastjson.JSON.parseObject(JSON.java:551)
	at com.alibaba.fastjson.JSON.parseObject(JSON.java:539)
	at com.alibaba.fastjson.JSON.parseObject(JSON.java:528)
	at com.evie.autotest.platform.provider.JsonFileArgumentsProvider.objectValues(JsonFileArgumentsProvider.java:50)
	at com.evie.autotest.platform.provider.JsonFileArgumentsProvider.lambda$provideArguments$1(JsonFileArgumentsProvider.java:80)
	at java.util.stream.ReferencePipeline$7$1.accept(ReferencePipeline.java:267)
	at java.util.stream.ReferencePipeline$3$1.accept(ReferencePipeline.java:193)
	at java.util.Spliterators$ArraySpliterator.forEachRemaining(Spliterators.java:948)
	at java.util.stream.AbstractPipeline.copyInto(AbstractPipeline.java:482)
	at java.util.stream.AbstractPipeline.wrapAndCopyInto(AbstractPipeline.java:472)
	at java.util.stream.ForEachOps$ForEachOp.evaluateSequential(ForEachOps.java:151)
	at java.util.stream.ForEachOps$ForEachOp$OfRef.evaluateSequential(ForEachOps.java:174)
	at java.util.stream.AbstractPipeline.evaluate(AbstractPipeline.java:234)
	at java.util.stream.ReferencePipeline.forEach(ReferencePipeline.java:418)
	at java.util.stream.ReferencePipeline$7$1.accept(ReferencePipeline.java:270)
	at java.util.stream.ReferencePipeline$3$1.accept(ReferencePipeline.java:193)
	at java.util.stream.ReferencePipeline$3$1.accept(ReferencePipeline.java:193)
	at java.util.stream.ReferencePipeline$3$1.accept(ReferencePipeline.java:193)
	at java.util.ArrayList$ArrayListSpliterator.forEachRemaining(ArrayList.java:1382)
	at java.util.stream.AbstractPipeline.copyInto(AbstractPipeline.java:482)
	at java.util.stream.AbstractPipeline.wrapAndCopyInto(AbstractPipeline.java:472)
	at java.util.stream.ForEachOps$ForEachOp.evaluateSequential(ForEachOps.java:151)
	at java.util.stream.ForEachOps$ForEachOp$OfRef.evaluateSequential(ForEachOps.java:174)
	at java.util.stream.AbstractPipeline.evaluate(AbstractPipeline.java:234)
	at java.util.stream.ReferencePipeline.forEach(ReferencePipeline.java:418)
	at java.util.stream.ReferencePipeline$7$1.accept(ReferencePipeline.java:270)
	at java.util.ArrayList$ArrayListSpliterator.forEachRemaining(ArrayList.java:1382)
	at java.util.stream.AbstractPipeline.copyInto(AbstractPipeline.java:482)
	at java.util.stream.AbstractPipeline.wrapAndCopyInto(AbstractPipeline.java:472)
	at java.util.stream.ForEachOps$ForEachOp.evaluateSequential(ForEachOps.java:151)
	at java.util.stream.ForEachOps$ForEachOp$OfRef.evaluateSequential(ForEachOps.java:174)
	at java.util.stream.AbstractPipeline.evaluate(AbstractPipeline.java:234)
	at java.util.stream.ReferencePipeline.forEach(ReferencePipeline.java:418)
	at org.junit.jupiter.engine.descriptor.TestTemplateTestDescriptor.execute(TestTemplateTestDescriptor.java:107)
	at org.junit.jupiter.engine.descriptor.TestTemplateTestDescriptor.execute(TestTemplateTestDescriptor.java:42)
	at org.junit.platform.engine.support.hierarchical.NodeTestTask.lambda$executeRecursively$6(NodeTestTask.java:151)
	at org.junit.platform.engine.support.hierarchical.ThrowableCollector.execute(ThrowableCollector.java:73)
	at org.junit.platform.engine.support.hierarchical.NodeTestTask.lambda$executeRecursively$8(NodeTestTask.java:141)
	at org.junit.platform.engine.support.hierarchical.Node.around(Node.java:137)
	at org.junit.platform.engine.support.hierarchical.NodeTestTask.lambda$executeRecursively$9(NodeTestTask.java:139)
	at org.junit.platform.engine.support.hierarchical.ThrowableCollector.execute(ThrowableCollector.java:73)
	at org.junit.platform.engine.support.hierarchical.NodeTestTask.executeRecursively(NodeTestTask.java:138)
	at org.junit.platform.engine.support.hierarchical.NodeTestTask.execute(NodeTestTask.java:95)
	at org.junit.platform.engine.support.hierarchical.ForkJoinPoolHierarchicalTestExecutorService$ExclusiveTask.compute(ForkJoinPoolHierarchicalTestExecutorService.java:185)
	at org.junit.platform.engine.support.hierarchical.ForkJoinPoolHierarchicalTestExecutorService.executeNonConcurrentTasks(ForkJoinPoolHierarchicalTestExecutorService.java:155)
	at org.junit.platform.engine.support.hierarchical.ForkJoinPoolHierarchicalTestExecutorService.invokeAll(ForkJoinPoolHierarchicalTestExecutorService.java:135)
	at org.junit.platform.engine.support.hierarchical.NodeTestTask.lambda$executeRecursively$6(NodeTestTask.java:155)
	at org.junit.platform.engine.support.hierarchical.ThrowableCollector.execute(ThrowableCollector.java:73)
	at org.junit.platform.engine.support.hierarchical.NodeTestTask.lambda$executeRecursively$8(NodeTestTask.java:141)
	at org.junit.platform.engine.support.hierarchical.Node.around(Node.java:137)
	at org.junit.platform.engine.support.hierarchical.NodeTestTask.lambda$executeRecursively$9(NodeTestTask.java:139)
	at org.junit.platform.engine.support.hierarchical.ThrowableCollector.execute(ThrowableCollector.java:73)
	at org.junit.platform.engine.support.hierarchical.NodeTestTask.executeRecursively(NodeTestTask.java:138)
	at org.junit.platform.engine.support.hierarchical.NodeTestTask.execute(NodeTestTask.java:95)
	at org.junit.platform.engine.support.hierarchical.ForkJoinPoolHierarchicalTestExecutorService$ExclusiveTask.compute(ForkJoinPoolHierarchicalTestExecutorService.java:185)
	at org.junit.platform.engine.support.hierarchical.ForkJoinPoolHierarchicalTestExecutorService.invokeAll(ForkJoinPoolHierarchicalTestExecutorService.java:129)
	at org.junit.platform.engine.support.hierarchical.NodeTestTask.lambda$executeRecursively$6(NodeTestTask.java:155)
	at org.junit.platform.engine.support.hierarchical.ThrowableCollector.execute(ThrowableCollector.java:73)
	at org.junit.platform.engine.support.hierarchical.NodeTestTask.lambda$executeRecursively$8(NodeTestTask.java:141)
	at org.junit.platform.engine.support.hierarchical.Node.around(Node.java:137)
	at org.junit.platform.engine.support.hierarchical.NodeTestTask.lambda$executeRecursively$9(NodeTestTask.java:139)
	at org.junit.platform.engine.support.hierarchical.ThrowableCollector.execute(ThrowableCollector.java:73)
	at org.junit.platform.engine.support.hierarchical.NodeTestTask.executeRecursively(NodeTestTask.java:138)
	at org.junit.platform.engine.support.hierarchical.NodeTestTask.execute(NodeTestTask.java:95)
	at org.junit.platform.engine.support.hierarchical.ForkJoinPoolHierarchicalTestExecutorService$ExclusiveTask.compute(ForkJoinPoolHierarchicalTestExecutorService.java:185)
	at java.util.concurrent.RecursiveAction.exec(RecursiveAction.java:189)
	at java.util.concurrent.ForkJoinTask.doExec(ForkJoinTask.java:289)
	at java.util.concurrent.ForkJoinPool$WorkQueue.runTask(ForkJoinPool.java:1056)
	at java.util.concurrent.ForkJoinPool.runWorker(ForkJoinPool.java:1692)
	at java.util.concurrent.ForkJoinWorkerThread.run(ForkJoinWorkerThread.java:157)
]]></error>
<system-out><![CDATA[
unique-id: [engine:junit-jupiter]/[class:com.evie.autotest.platform.testcase.example.xUnit0410.TestJunit5Example]/[test-template:test_12738(java.lang.Object)]/[test-template-invocation:#1]
display-name: [1] o={booleans=[true, false], floats=[3.14, 685230.15], ints=[123, 685230], nulls={nodeName=node, parent=null}, string=[哈哈, Hello world, newline newline2], date=[Sat Feb 17 08:00:00 CST 2018], datetime=[Sat Feb 17 15:02:31 CST 2018]}
]]></system-out>
</testcase>
<testcase name="test_127381273987(Map)[1]" classname="com.evie.autotest.platform.testcase.example.xUnit0410.TestJunit5Example" time="0.056">
<system-out><![CDATA[
unique-id: [engine:junit-jupiter]/[class:com.evie.autotest.platform.testcase.example.xUnit0410.TestJunit5Example]/[test-template:test_127381273987(java.util.Map)]/[test-template-invocation:#1]
display-name: [1] test={"test":12312,"string":"qweqoweu","boolean1111":true}
]]></system-out>
</testcase>
<testcase name="test_127381273987(Map)[2]" classname="com.evie.autotest.platform.testcase.example.xUnit0410.TestJunit5Example" time="0">
<system-out><![CDATA[
unique-id: [engine:junit-jupiter]/[class:com.evie.autotest.platform.testcase.example.xUnit0410.TestJunit5Example]/[test-template:test_127381273987(java.util.Map)]/[test-template-invocation:#2]
display-name: [2] test={"test":12312,"uweiqweu":"qweqoweu","ywuyq":true}
]]></system-out>
</testcase>
<testcase name="test_127812279(ArgumentsAccessor)" classname="com.evie.autotest.platform.testcase.example.xUnit0410.TestJunit5Example" time="0.001">
<error message="File [src/test/resources/test/test5.csv] could not be read" type="org.junit.platform.commons.JUnitException"><![CDATA[org.junit.platform.commons.JUnitException: File [src/test/resources/test/test5.csv] could not be read
	at org.junit.jupiter.params.provider.CsvFileArgumentsProvider$DefaultInputStreamProvider.openFile(CsvFileArgumentsProvider.java:204)
	at org.junit.jupiter.params.provider.CsvFileArgumentsProvider$InputStreamProvider.lambda$file$1(CsvFileArgumentsProvider.java:181)
	at org.junit.jupiter.params.provider.CsvFileArgumentsProvider.lambda$provideArguments$0(CsvFileArgumentsProvider.java:87)
	at java.util.stream.ReferencePipeline$3$1.accept(ReferencePipeline.java:193)
	at java.util.ArrayList$ArrayListSpliterator.forEachRemaining(ArrayList.java:1382)
	at java.util.stream.AbstractPipeline.copyInto(AbstractPipeline.java:482)
	at java.util.stream.AbstractPipeline.wrapAndCopyInto(AbstractPipeline.java:472)
	at java.util.stream.ForEachOps$ForEachOp.evaluateSequential(ForEachOps.java:151)
	at java.util.stream.ForEachOps$ForEachOp$OfRef.evaluateSequential(ForEachOps.java:174)
	at java.util.stream.AbstractPipeline.evaluate(AbstractPipeline.java:234)
	at java.util.stream.ReferencePipeline.forEach(ReferencePipeline.java:418)
	at java.util.stream.ReferencePipeline$7$1.accept(ReferencePipeline.java:270)
	at java.util.stream.ReferencePipeline$3$1.accept(ReferencePipeline.java:193)
	at java.util.stream.ReferencePipeline$3$1.accept(ReferencePipeline.java:193)
	at java.util.stream.ReferencePipeline$3$1.accept(ReferencePipeline.java:193)
	at java.util.ArrayList$ArrayListSpliterator.forEachRemaining(ArrayList.java:1382)
	at java.util.stream.AbstractPipeline.copyInto(AbstractPipeline.java:482)
	at java.util.stream.AbstractPipeline.wrapAndCopyInto(AbstractPipeline.java:472)
	at java.util.stream.ForEachOps$ForEachOp.evaluateSequential(ForEachOps.java:151)
	at java.util.stream.ForEachOps$ForEachOp$OfRef.evaluateSequential(ForEachOps.java:174)
	at java.util.stream.AbstractPipeline.evaluate(AbstractPipeline.java:234)
	at java.util.stream.ReferencePipeline.forEach(ReferencePipeline.java:418)
	at java.util.stream.ReferencePipeline$7$1.accept(ReferencePipeline.java:270)
	at java.util.ArrayList$ArrayListSpliterator.forEachRemaining(ArrayList.java:1382)
	at java.util.stream.AbstractPipeline.copyInto(AbstractPipeline.java:482)
	at java.util.stream.AbstractPipeline.wrapAndCopyInto(AbstractPipeline.java:472)
	at java.util.stream.ForEachOps$ForEachOp.evaluateSequential(ForEachOps.java:151)
	at java.util.stream.ForEachOps$ForEachOp$OfRef.evaluateSequential(ForEachOps.java:174)
	at java.util.stream.AbstractPipeline.evaluate(AbstractPipeline.java:234)
	at java.util.stream.ReferencePipeline.forEach(ReferencePipeline.java:418)
	at org.junit.jupiter.engine.descriptor.TestTemplateTestDescriptor.execute(TestTemplateTestDescriptor.java:107)
	at org.junit.jupiter.engine.descriptor.TestTemplateTestDescriptor.execute(TestTemplateTestDescriptor.java:42)
	at org.junit.platform.engine.support.hierarchical.NodeTestTask.lambda$executeRecursively$6(NodeTestTask.java:151)
	at org.junit.platform.engine.support.hierarchical.ThrowableCollector.execute(ThrowableCollector.java:73)
	at org.junit.platform.engine.support.hierarchical.NodeTestTask.lambda$executeRecursively$8(NodeTestTask.java:141)
	at org.junit.platform.engine.support.hierarchical.Node.around(Node.java:137)
	at org.junit.platform.engine.support.hierarchical.NodeTestTask.lambda$executeRecursively$9(NodeTestTask.java:139)
	at org.junit.platform.engine.support.hierarchical.ThrowableCollector.execute(ThrowableCollector.java:73)
	at org.junit.platform.engine.support.hierarchical.NodeTestTask.executeRecursively(NodeTestTask.java:138)
	at org.junit.platform.engine.support.hierarchical.NodeTestTask.execute(NodeTestTask.java:95)
	at org.junit.platform.engine.support.hierarchical.ForkJoinPoolHierarchicalTestExecutorService$ExclusiveTask.compute(ForkJoinPoolHierarchicalTestExecutorService.java:185)
	at org.junit.platform.engine.support.hierarchical.ForkJoinPoolHierarchicalTestExecutorService.executeNonConcurrentTasks(ForkJoinPoolHierarchicalTestExecutorService.java:155)
	at org.junit.platform.engine.support.hierarchical.ForkJoinPoolHierarchicalTestExecutorService.invokeAll(ForkJoinPoolHierarchicalTestExecutorService.java:135)
	at org.junit.platform.engine.support.hierarchical.NodeTestTask.lambda$executeRecursively$6(NodeTestTask.java:155)
	at org.junit.platform.engine.support.hierarchical.ThrowableCollector.execute(ThrowableCollector.java:73)
	at org.junit.platform.engine.support.hierarchical.NodeTestTask.lambda$executeRecursively$8(NodeTestTask.java:141)
	at org.junit.platform.engine.support.hierarchical.Node.around(Node.java:137)
	at org.junit.platform.engine.support.hierarchical.NodeTestTask.lambda$executeRecursively$9(NodeTestTask.java:139)
	at org.junit.platform.engine.support.hierarchical.ThrowableCollector.execute(ThrowableCollector.java:73)
	at org.junit.platform.engine.support.hierarchical.NodeTestTask.executeRecursively(NodeTestTask.java:138)
	at org.junit.platform.engine.support.hierarchical.NodeTestTask.execute(NodeTestTask.java:95)
	at org.junit.platform.engine.support.hierarchical.ForkJoinPoolHierarchicalTestExecutorService$ExclusiveTask.compute(ForkJoinPoolHierarchicalTestExecutorService.java:185)
	at org.junit.platform.engine.support.hierarchical.ForkJoinPoolHierarchicalTestExecutorService.invokeAll(ForkJoinPoolHierarchicalTestExecutorService.java:129)
	at org.junit.platform.engine.support.hierarchical.NodeTestTask.lambda$executeRecursively$6(NodeTestTask.java:155)
	at org.junit.platform.engine.support.hierarchical.ThrowableCollector.execute(ThrowableCollector.java:73)
	at org.junit.platform.engine.support.hierarchical.NodeTestTask.lambda$executeRecursively$8(NodeTestTask.java:141)
	at org.junit.platform.engine.support.hierarchical.Node.around(Node.java:137)
	at org.junit.platform.engine.support.hierarchical.NodeTestTask.lambda$executeRecursively$9(NodeTestTask.java:139)
	at org.junit.platform.engine.support.hierarchical.ThrowableCollector.execute(ThrowableCollector.java:73)
	at org.junit.platform.engine.support.hierarchical.NodeTestTask.executeRecursively(NodeTestTask.java:138)
	at org.junit.platform.engine.support.hierarchical.NodeTestTask.execute(NodeTestTask.java:95)
	at org.junit.platform.engine.support.hierarchical.ForkJoinPoolHierarchicalTestExecutorService$ExclusiveTask.compute(ForkJoinPoolHierarchicalTestExecutorService.java:185)
	at java.util.concurrent.RecursiveAction.exec(RecursiveAction.java:189)
	at java.util.concurrent.ForkJoinTask.doExec(ForkJoinTask.java:289)
	at java.util.concurrent.ForkJoinPool$WorkQueue.runTask(ForkJoinPool.java:1056)
	at java.util.concurrent.ForkJoinPool.runWorker(ForkJoinPool.java:1692)
	at java.util.concurrent.ForkJoinWorkerThread.run(ForkJoinWorkerThread.java:157)
	Suppressed: org.junit.platform.commons.PreconditionViolationException: Configuration error: You must configure at least one set of arguments for this @ParameterizedTest
		at org.junit.platform.commons.util.Preconditions.condition(Preconditions.java:281)
		at org.junit.jupiter.params.ParameterizedTestExtension.lambda$provideTestTemplateInvocationContexts$5(ParameterizedTestExtension.java:98)
		at java.util.stream.AbstractPipeline.close(AbstractPipeline.java:323)
		at java.util.stream.ReferencePipeline$7$1.accept(ReferencePipeline.java:271)
		... 44 more
Caused by: java.nio.file.NoSuchFileException: src\test\resources\test\test5.csv
	at sun.nio.fs.WindowsException.translateToIOException(WindowsException.java:79)
	at sun.nio.fs.WindowsException.rethrowAsIOException(WindowsException.java:97)
	at sun.nio.fs.WindowsException.rethrowAsIOException(WindowsException.java:102)
	at sun.nio.fs.WindowsFileSystemProvider.newByteChannel(WindowsFileSystemProvider.java:230)
	at java.nio.file.Files.newByteChannel(Files.java:361)
	at java.nio.file.Files.newByteChannel(Files.java:407)
	at java.nio.file.spi.FileSystemProvider.newInputStream(FileSystemProvider.java:384)
	at java.nio.file.Files.newInputStream(Files.java:152)
	at org.junit.jupiter.params.provider.CsvFileArgumentsProvider$DefaultInputStreamProvider.openFile(CsvFileArgumentsProvider.java:201)
	... 66 more
]]></error>
<system-out><![CDATA[
unique-id: [engine:junit-jupiter]/[class:com.evie.autotest.platform.testcase.example.xUnit0410.TestJunit5Example]/[test-template:test_127812279(org.junit.jupiter.params.aggregator.ArgumentsAccessor)]
display-name: test 127812279 (ArgumentsAccessor)
]]></system-out>
</testcase>
<testcase name="test_a_1_b_3(EnumCase)[2]" classname="com.evie.autotest.platform.testcase.example.xUnit0410.TestJunit5Example" time="0">
<system-out><![CDATA[
unique-id: [engine:junit-jupiter]/[class:com.evie.autotest.platform.testcase.example.xUnit0410.TestJunit5Example]/[test-template:test_a_1_b_3(com.evie.autotest.platform.testcase.example.xUnit0410.TestJunit5Example$EnumCase)]/[test-template-invocation:#2]
display-name: [2] o=FALL
]]></system-out>
</testcase>
<testcase name="test_a_1_b_3(EnumCase)[3]" classname="com.evie.autotest.platform.testcase.example.xUnit0410.TestJunit5Example" time="0.001">
<system-out><![CDATA[
unique-id: [engine:junit-jupiter]/[class:com.evie.autotest.platform.testcase.example.xUnit0410.TestJunit5Example]/[test-template:test_a_1_b_3(com.evie.autotest.platform.testcase.example.xUnit0410.TestJunit5Example$EnumCase)]/[test-template-invocation:#3]
display-name: [3] o=WINTER
]]></system-out>
</testcase>
<testcase name="test_a_1_b_3(EnumCase)[1]" classname="com.evie.autotest.platform.testcase.example.xUnit0410.TestJunit5Example" time="0">
<system-out><![CDATA[
unique-id: [engine:junit-jupiter]/[class:com.evie.autotest.platform.testcase.example.xUnit0410.TestJunit5Example]/[test-template:test_a_1_b_3(com.evie.autotest.platform.testcase.example.xUnit0410.TestJunit5Example$EnumCase)]/[test-template-invocation:#1]
display-name: [1] o=SUMMER
]]></system-out>
</testcase>
<testcase name="test_a_2_a_1()" classname="com.evie.autotest.platform.testcase.example.xUnit0410.TestJunit5Example" time="0.003">
<failure message="校验数据失败！ ==> expected: &lt;true> but was: &lt;false>" type="org.opentest4j.AssertionFailedError"><![CDATA[org.opentest4j.AssertionFailedError: 校验数据失败！ ==> expected: <true> but was: <false>
	at org.junit.jupiter.api.AssertionUtils.fail(AssertionUtils.java:55)
	at org.junit.jupiter.api.AssertTrue.assertTrue(AssertTrue.java:40)
	at org.junit.jupiter.api.Assertions.assertTrue(Assertions.java:210)
	at com.evie.autotest.platform.testcase.example.xUnit0410.TestJunit5Example.test_a_2_a_1(TestJunit5Example.java:103)
	at sun.reflect.NativeMethodAccessorImpl.invoke0(Native Method)
	at sun.reflect.NativeMethodAccessorImpl.invoke(NativeMethodAccessorImpl.java:62)
	at sun.reflect.DelegatingMethodAccessorImpl.invoke(DelegatingMethodAccessorImpl.java:43)
	at java.lang.reflect.Method.invoke(Method.java:498)
	at org.junit.platform.commons.util.ReflectionUtils.invokeMethod(ReflectionUtils.java:725)
	at org.junit.jupiter.engine.execution.MethodInvocation.proceed(MethodInvocation.java:60)
	at org.junit.jupiter.engine.execution.InvocationInterceptorChain$ValidatingInvocation.proceed(InvocationInterceptorChain.java:131)
	at org.junit.jupiter.engine.extension.TimeoutExtension.intercept(TimeoutExtension.java:149)
	at org.junit.jupiter.engine.extension.TimeoutExtension.interceptTestableMethod(TimeoutExtension.java:140)
	at org.junit.jupiter.engine.extension.TimeoutExtension.interceptTestMethod(TimeoutExtension.java:84)
	at org.junit.jupiter.engine.execution.ExecutableInvoker$ReflectiveInterceptorCall.lambda$ofVoidMethod$0(ExecutableInvoker.java:115)
	at org.junit.jupiter.engine.execution.ExecutableInvoker.lambda$invoke$0(ExecutableInvoker.java:105)
	at org.junit.jupiter.engine.execution.InvocationInterceptorChain$InterceptedInvocation.proceed(InvocationInterceptorChain.java:106)
	at org.junit.jupiter.engine.execution.InvocationInterceptorChain.proceed(InvocationInterceptorChain.java:64)
	at org.junit.jupiter.engine.execution.InvocationInterceptorChain.chainAndInvoke(InvocationInterceptorChain.java:45)
	at org.junit.jupiter.engine.execution.InvocationInterceptorChain.invoke(InvocationInterceptorChain.java:37)
	at org.junit.jupiter.engine.execution.ExecutableInvoker.invoke(ExecutableInvoker.java:104)
	at org.junit.jupiter.engine.execution.ExecutableInvoker.invoke(ExecutableInvoker.java:98)
	at org.junit.jupiter.engine.descriptor.TestMethodTestDescriptor.lambda$invokeTestMethod$7(TestMethodTestDescriptor.java:214)
	at org.junit.platform.engine.support.hierarchical.ThrowableCollector.execute(ThrowableCollector.java:73)
	at org.junit.jupiter.engine.descriptor.TestMethodTestDescriptor.invokeTestMethod(TestMethodTestDescriptor.java:210)
	at org.junit.jupiter.engine.descriptor.TestMethodTestDescriptor.execute(TestMethodTestDescriptor.java:135)
	at org.junit.jupiter.engine.descriptor.TestMethodTestDescriptor.execute(TestMethodTestDescriptor.java:66)
	at org.junit.platform.engine.support.hierarchical.NodeTestTask.lambda$executeRecursively$6(NodeTestTask.java:151)
	at org.junit.platform.engine.support.hierarchical.ThrowableCollector.execute(ThrowableCollector.java:73)
	at org.junit.platform.engine.support.hierarchical.NodeTestTask.lambda$executeRecursively$8(NodeTestTask.java:141)
	at org.junit.platform.engine.support.hierarchical.Node.around(Node.java:137)
	at org.junit.platform.engine.support.hierarchical.NodeTestTask.lambda$executeRecursively$9(NodeTestTask.java:139)
	at org.junit.platform.engine.support.hierarchical.ThrowableCollector.execute(ThrowableCollector.java:73)
	at org.junit.platform.engine.support.hierarchical.NodeTestTask.executeRecursively(NodeTestTask.java:138)
	at org.junit.platform.engine.support.hierarchical.NodeTestTask.execute(NodeTestTask.java:95)
	at org.junit.platform.engine.support.hierarchical.ForkJoinPoolHierarchicalTestExecutorService$ExclusiveTask.compute(ForkJoinPoolHierarchicalTestExecutorService.java:185)
	at org.junit.platform.engine.support.hierarchical.ForkJoinPoolHierarchicalTestExecutorService.executeNonConcurrentTasks(ForkJoinPoolHierarchicalTestExecutorService.java:155)
	at org.junit.platform.engine.support.hierarchical.ForkJoinPoolHierarchicalTestExecutorService.invokeAll(ForkJoinPoolHierarchicalTestExecutorService.java:135)
	at org.junit.platform.engine.support.hierarchical.NodeTestTask.lambda$executeRecursively$6(NodeTestTask.java:155)
	at org.junit.platform.engine.support.hierarchical.ThrowableCollector.execute(ThrowableCollector.java:73)
	at org.junit.platform.engine.support.hierarchical.NodeTestTask.lambda$executeRecursively$8(NodeTestTask.java:141)
	at org.junit.platform.engine.support.hierarchical.Node.around(Node.java:137)
	at org.junit.platform.engine.support.hierarchical.NodeTestTask.lambda$executeRecursively$9(NodeTestTask.java:139)
	at org.junit.platform.engine.support.hierarchical.ThrowableCollector.execute(ThrowableCollector.java:73)
	at org.junit.platform.engine.support.hierarchical.NodeTestTask.executeRecursively(NodeTestTask.java:138)
	at org.junit.platform.engine.support.hierarchical.NodeTestTask.execute(NodeTestTask.java:95)
	at org.junit.platform.engine.support.hierarchical.ForkJoinPoolHierarchicalTestExecutorService$ExclusiveTask.compute(ForkJoinPoolHierarchicalTestExecutorService.java:185)
	at org.junit.platform.engine.support.hierarchical.ForkJoinPoolHierarchicalTestExecutorService.invokeAll(ForkJoinPoolHierarchicalTestExecutorService.java:129)
	at org.junit.platform.engine.support.hierarchical.NodeTestTask.lambda$executeRecursively$6(NodeTestTask.java:155)
	at org.junit.platform.engine.support.hierarchical.ThrowableCollector.execute(ThrowableCollector.java:73)
	at org.junit.platform.engine.support.hierarchical.NodeTestTask.lambda$executeRecursively$8(NodeTestTask.java:141)
	at org.junit.platform.engine.support.hierarchical.Node.around(Node.java:137)
	at org.junit.platform.engine.support.hierarchical.NodeTestTask.lambda$executeRecursively$9(NodeTestTask.java:139)
	at org.junit.platform.engine.support.hierarchical.ThrowableCollector.execute(ThrowableCollector.java:73)
	at org.junit.platform.engine.support.hierarchical.NodeTestTask.executeRecursively(NodeTestTask.java:138)
	at org.junit.platform.engine.support.hierarchical.NodeTestTask.execute(NodeTestTask.java:95)
	at org.junit.platform.engine.support.hierarchical.ForkJoinPoolHierarchicalTestExecutorService$ExclusiveTask.compute(ForkJoinPoolHierarchicalTestExecutorService.java:185)
	at java.util.concurrent.RecursiveAction.exec(RecursiveAction.java:189)
	at java.util.concurrent.ForkJoinTask.doExec(ForkJoinTask.java:289)
	at java.util.concurrent.ForkJoinPool$WorkQueue.runTask(ForkJoinPool.java:1056)
	at java.util.concurrent.ForkJoinPool.runWorker(ForkJoinPool.java:1692)
	at java.util.concurrent.ForkJoinWorkerThread.run(ForkJoinWorkerThread.java:157)
]]></failure>
<system-out><![CDATA[
unique-id: [engine:junit-jupiter]/[class:com.evie.autotest.platform.testcase.example.xUnit0410.TestJunit5Example]/[method:test_a_2_a_1()]
display-name: test a 2 a 1
]]></system-out>
</testcase>
<testcase name="isInstantiatedWithNew()" classname="com.evie.autotest.platform.testcase.example.xUnit0410.TestJunit5Example" time="0.001">
<system-out><![CDATA[
unique-id: [engine:junit-jupiter]/[class:com.evie.autotest.platform.testcase.example.xUnit0410.TestJunit5Example]/[method:isInstantiatedWithNew()]
display-name: is instantiated with new Stack()
]]></system-out>
</testcase>
<testcase name="throwsExceptionWhenPeeked()" classname="com.evie.autotest.platform.testcase.example.xUnit0410.TestJunit5Example$WhenNew" time="0">
<system-out><![CDATA[
unique-id: [engine:junit-jupiter]/[class:com.evie.autotest.platform.testcase.example.xUnit0410.TestJunit5Example]/[nested-class:WhenNew]/[method:throwsExceptionWhenPeeked()]
display-name: throws EmptyStackException when peeked
]]></system-out>
</testcase>
<testcase name="test_1273891()" classname="com.evie.autotest.platform.testcase.example.xUnit0410.TestJunit5Example" time="10.012">
<error message="org.opentest4j.AssertionFailedError: expected: &lt;1> but was: &lt;2>" type="com.evie.autotest.platform.exception.TestException"><![CDATA[com.evie.autotest.platform.exception.TestException: org.opentest4j.AssertionFailedError: expected: <1> but was: <2>
	at com.evie.autotest.util.RetryHandler.retryTillNoError(RetryHandler.java:57)
	at com.evie.autotest.platform.testcase.example.xUnit0410.TestJunit5Example.test_1273891(TestJunit5Example.java:398)
	at sun.reflect.NativeMethodAccessorImpl.invoke0(Native Method)
	at sun.reflect.NativeMethodAccessorImpl.invoke(NativeMethodAccessorImpl.java:62)
	at sun.reflect.DelegatingMethodAccessorImpl.invoke(DelegatingMethodAccessorImpl.java:43)
	at java.lang.reflect.Method.invoke(Method.java:498)
	at org.junit.platform.commons.util.ReflectionUtils.invokeMethod(ReflectionUtils.java:725)
	at org.junit.jupiter.engine.execution.MethodInvocation.proceed(MethodInvocation.java:60)
	at org.junit.jupiter.engine.execution.InvocationInterceptorChain$ValidatingInvocation.proceed(InvocationInterceptorChain.java:131)
	at org.junit.jupiter.engine.extension.TimeoutExtension.intercept(TimeoutExtension.java:149)
	at org.junit.jupiter.engine.extension.TimeoutExtension.interceptTestableMethod(TimeoutExtension.java:140)
	at org.junit.jupiter.engine.extension.TimeoutExtension.interceptTestMethod(TimeoutExtension.java:84)
	at org.junit.jupiter.engine.execution.ExecutableInvoker$ReflectiveInterceptorCall.lambda$ofVoidMethod$0(ExecutableInvoker.java:115)
	at org.junit.jupiter.engine.execution.ExecutableInvoker.lambda$invoke$0(ExecutableInvoker.java:105)
	at org.junit.jupiter.engine.execution.InvocationInterceptorChain$InterceptedInvocation.proceed(InvocationInterceptorChain.java:106)
	at org.junit.jupiter.engine.execution.InvocationInterceptorChain.proceed(InvocationInterceptorChain.java:64)
	at org.junit.jupiter.engine.execution.InvocationInterceptorChain.chainAndInvoke(InvocationInterceptorChain.java:45)
	at org.junit.jupiter.engine.execution.InvocationInterceptorChain.invoke(InvocationInterceptorChain.java:37)
	at org.junit.jupiter.engine.execution.ExecutableInvoker.invoke(ExecutableInvoker.java:104)
	at org.junit.jupiter.engine.execution.ExecutableInvoker.invoke(ExecutableInvoker.java:98)
	at org.junit.jupiter.engine.descriptor.TestMethodTestDescriptor.lambda$invokeTestMethod$7(TestMethodTestDescriptor.java:214)
	at org.junit.platform.engine.support.hierarchical.ThrowableCollector.execute(ThrowableCollector.java:73)
	at org.junit.jupiter.engine.descriptor.TestMethodTestDescriptor.invokeTestMethod(TestMethodTestDescriptor.java:210)
	at org.junit.jupiter.engine.descriptor.TestMethodTestDescriptor.execute(TestMethodTestDescriptor.java:135)
	at org.junit.jupiter.engine.descriptor.TestMethodTestDescriptor.execute(TestMethodTestDescriptor.java:66)
	at org.junit.platform.engine.support.hierarchical.NodeTestTask.lambda$executeRecursively$6(NodeTestTask.java:151)
	at org.junit.platform.engine.support.hierarchical.ThrowableCollector.execute(ThrowableCollector.java:73)
	at org.junit.platform.engine.support.hierarchical.NodeTestTask.lambda$executeRecursively$8(NodeTestTask.java:141)
	at org.junit.platform.engine.support.hierarchical.Node.around(Node.java:137)
	at org.junit.platform.engine.support.hierarchical.NodeTestTask.lambda$executeRecursively$9(NodeTestTask.java:139)
	at org.junit.platform.engine.support.hierarchical.ThrowableCollector.execute(ThrowableCollector.java:73)
	at org.junit.platform.engine.support.hierarchical.NodeTestTask.executeRecursively(NodeTestTask.java:138)
	at org.junit.platform.engine.support.hierarchical.NodeTestTask.execute(NodeTestTask.java:95)
	at org.junit.platform.engine.support.hierarchical.ForkJoinPoolHierarchicalTestExecutorService$ExclusiveTask.compute(ForkJoinPoolHierarchicalTestExecutorService.java:185)
	at org.junit.platform.engine.support.hierarchical.ForkJoinPoolHierarchicalTestExecutorService.executeNonConcurrentTasks(ForkJoinPoolHierarchicalTestExecutorService.java:155)
	at org.junit.platform.engine.support.hierarchical.ForkJoinPoolHierarchicalTestExecutorService.invokeAll(ForkJoinPoolHierarchicalTestExecutorService.java:135)
	at org.junit.platform.engine.support.hierarchical.NodeTestTask.lambda$executeRecursively$6(NodeTestTask.java:155)
	at org.junit.platform.engine.support.hierarchical.ThrowableCollector.execute(ThrowableCollector.java:73)
	at org.junit.platform.engine.support.hierarchical.NodeTestTask.lambda$executeRecursively$8(NodeTestTask.java:141)
	at org.junit.platform.engine.support.hierarchical.Node.around(Node.java:137)
	at org.junit.platform.engine.support.hierarchical.NodeTestTask.lambda$executeRecursively$9(NodeTestTask.java:139)
	at org.junit.platform.engine.support.hierarchical.ThrowableCollector.execute(ThrowableCollector.java:73)
	at org.junit.platform.engine.support.hierarchical.NodeTestTask.executeRecursively(NodeTestTask.java:138)
	at org.junit.platform.engine.support.hierarchical.NodeTestTask.execute(NodeTestTask.java:95)
	at org.junit.platform.engine.support.hierarchical.ForkJoinPoolHierarchicalTestExecutorService$ExclusiveTask.compute(ForkJoinPoolHierarchicalTestExecutorService.java:185)
	at org.junit.platform.engine.support.hierarchical.ForkJoinPoolHierarchicalTestExecutorService.invokeAll(ForkJoinPoolHierarchicalTestExecutorService.java:129)
	at org.junit.platform.engine.support.hierarchical.NodeTestTask.lambda$executeRecursively$6(NodeTestTask.java:155)
	at org.junit.platform.engine.support.hierarchical.ThrowableCollector.execute(ThrowableCollector.java:73)
	at org.junit.platform.engine.support.hierarchical.NodeTestTask.lambda$executeRecursively$8(NodeTestTask.java:141)
	at org.junit.platform.engine.support.hierarchical.Node.around(Node.java:137)
	at org.junit.platform.engine.support.hierarchical.NodeTestTask.lambda$executeRecursively$9(NodeTestTask.java:139)
	at org.junit.platform.engine.support.hierarchical.ThrowableCollector.execute(ThrowableCollector.java:73)
	at org.junit.platform.engine.support.hierarchical.NodeTestTask.executeRecursively(NodeTestTask.java:138)
	at org.junit.platform.engine.support.hierarchical.NodeTestTask.execute(NodeTestTask.java:95)
	at org.junit.platform.engine.support.hierarchical.ForkJoinPoolHierarchicalTestExecutorService$ExclusiveTask.compute(ForkJoinPoolHierarchicalTestExecutorService.java:185)
	at java.util.concurrent.RecursiveAction.exec(RecursiveAction.java:189)
	at java.util.concurrent.ForkJoinTask.doExec(ForkJoinTask.java:289)
	at java.util.concurrent.ForkJoinPool$WorkQueue.runTask(ForkJoinPool.java:1056)
	at java.util.concurrent.ForkJoinPool.runWorker(ForkJoinPool.java:1692)
	at java.util.concurrent.ForkJoinWorkerThread.run(ForkJoinWorkerThread.java:157)
Caused by: org.opentest4j.AssertionFailedError: expected: <1> but was: <2>
	at org.junit.jupiter.api.AssertionUtils.fail(AssertionUtils.java:55)
	at org.junit.jupiter.api.AssertionUtils.failNotEqual(AssertionUtils.java:62)
	at org.junit.jupiter.api.AssertEquals.assertEquals(AssertEquals.java:150)
	at org.junit.jupiter.api.AssertEquals.assertEquals(AssertEquals.java:145)
	at org.junit.jupiter.api.Assertions.assertEquals(Assertions.java:527)
	at com.evie.autotest.platform.testcase.example.xUnit0410.TestJunit5Example.lambda$test_1273891$4(TestJunit5Example.java:399)
	at com.evie.autotest.util.RetryHandler.retryTillNoError(RetryHandler.java:47)
	... 59 more
]]></error>
<system-out><![CDATA[
unique-id: [engine:junit-jupiter]/[class:com.evie.autotest.platform.testcase.example.xUnit0410.TestJunit5Example]/[method:test_1273891()]
display-name: test 1273891
]]></system-out>
</testcase>
<testcase name="test_a_1_b_1(List)[1]" classname="com.evie.autotest.platform.testcase.example.xUnit0410.TestJunit5Example" time="0.002">
<system-out><![CDATA[
unique-id: [engine:junit-jupiter]/[class:com.evie.autotest.platform.testcase.example.xUnit0410.TestJunit5Example]/[test-template:test_a_1_b_1(java.util.List)]/[test-template-invocation:#1]
display-name: [1] o=null
]]></system-out>
</testcase>
<testcase name="test_a_1_b_1(List)[2]" classname="com.evie.autotest.platform.testcase.example.xUnit0410.TestJunit5Example" time="0.001">
<failure message="expected: &lt;null> but was: &lt;[]>" type="org.opentest4j.AssertionFailedError"><![CDATA[org.opentest4j.AssertionFailedError: expected: <null> but was: <[]>
	at org.junit.jupiter.api.AssertionUtils.fail(AssertionUtils.java:55)
	at org.junit.jupiter.api.AssertNull.failNotNull(AssertNull.java:54)
	at org.junit.jupiter.api.AssertNull.assertNull(AssertNull.java:38)
	at org.junit.jupiter.api.AssertNull.assertNull(AssertNull.java:33)
	at org.junit.jupiter.api.Assertions.assertNull(Assertions.java:275)
	at com.evie.autotest.platform.testcase.example.xUnit0410.TestJunit5Example.test_a_1_b_1(TestJunit5Example.java:169)
	at sun.reflect.NativeMethodAccessorImpl.invoke0(Native Method)
	at sun.reflect.NativeMethodAccessorImpl.invoke(NativeMethodAccessorImpl.java:62)
	at sun.reflect.DelegatingMethodAccessorImpl.invoke(DelegatingMethodAccessorImpl.java:43)
	at java.lang.reflect.Method.invoke(Method.java:498)
	at org.junit.platform.commons.util.ReflectionUtils.invokeMethod(ReflectionUtils.java:725)
	at org.junit.jupiter.engine.execution.MethodInvocation.proceed(MethodInvocation.java:60)
	at org.junit.jupiter.engine.execution.InvocationInterceptorChain$ValidatingInvocation.proceed(InvocationInterceptorChain.java:131)
	at org.junit.jupiter.engine.extension.TimeoutExtension.intercept(TimeoutExtension.java:149)
	at org.junit.jupiter.engine.extension.TimeoutExtension.interceptTestableMethod(TimeoutExtension.java:140)
	at org.junit.jupiter.engine.extension.TimeoutExtension.interceptTestTemplateMethod(TimeoutExtension.java:92)
	at org.junit.jupiter.engine.execution.ExecutableInvoker$ReflectiveInterceptorCall.lambda$ofVoidMethod$0(ExecutableInvoker.java:115)
	at org.junit.jupiter.engine.execution.ExecutableInvoker.lambda$invoke$0(ExecutableInvoker.java:105)
	at org.junit.jupiter.engine.execution.InvocationInterceptorChain$InterceptedInvocation.proceed(InvocationInterceptorChain.java:106)
	at org.junit.jupiter.engine.execution.InvocationInterceptorChain.proceed(InvocationInterceptorChain.java:64)
	at org.junit.jupiter.engine.execution.InvocationInterceptorChain.chainAndInvoke(InvocationInterceptorChain.java:45)
	at org.junit.jupiter.engine.execution.InvocationInterceptorChain.invoke(InvocationInterceptorChain.java:37)
	at org.junit.jupiter.engine.execution.ExecutableInvoker.invoke(ExecutableInvoker.java:104)
	at org.junit.jupiter.engine.execution.ExecutableInvoker.invoke(ExecutableInvoker.java:98)
	at org.junit.jupiter.engine.descriptor.TestMethodTestDescriptor.lambda$invokeTestMethod$7(TestMethodTestDescriptor.java:214)
	at org.junit.platform.engine.support.hierarchical.ThrowableCollector.execute(ThrowableCollector.java:73)
	at org.junit.jupiter.engine.descriptor.TestMethodTestDescriptor.invokeTestMethod(TestMethodTestDescriptor.java:210)
	at org.junit.jupiter.engine.descriptor.TestMethodTestDescriptor.execute(TestMethodTestDescriptor.java:135)
	at org.junit.jupiter.engine.descriptor.TestMethodTestDescriptor.execute(TestMethodTestDescriptor.java:66)
	at org.junit.platform.engine.support.hierarchical.NodeTestTask.lambda$executeRecursively$6(NodeTestTask.java:151)
	at org.junit.platform.engine.support.hierarchical.ThrowableCollector.execute(ThrowableCollector.java:73)
	at org.junit.platform.engine.support.hierarchical.NodeTestTask.lambda$executeRecursively$8(NodeTestTask.java:141)
	at org.junit.platform.engine.support.hierarchical.Node.around(Node.java:137)
	at org.junit.platform.engine.support.hierarchical.NodeTestTask.lambda$executeRecursively$9(NodeTestTask.java:139)
	at org.junit.platform.engine.support.hierarchical.ThrowableCollector.execute(ThrowableCollector.java:73)
	at org.junit.platform.engine.support.hierarchical.NodeTestTask.executeRecursively(NodeTestTask.java:138)
	at org.junit.platform.engine.support.hierarchical.NodeTestTask.execute(NodeTestTask.java:95)
	at org.junit.platform.engine.support.hierarchical.ForkJoinPoolHierarchicalTestExecutorService$ExclusiveTask.compute(ForkJoinPoolHierarchicalTestExecutorService.java:185)
	at org.junit.platform.engine.support.hierarchical.ForkJoinPoolHierarchicalTestExecutorService.submit(ForkJoinPoolHierarchicalTestExecutorService.java:118)
	at org.junit.platform.engine.support.hierarchical.NodeTestTask$DefaultDynamicTestExecutor.execute(NodeTestTask.java:226)
	at org.junit.platform.engine.support.hierarchical.NodeTestTask$DefaultDynamicTestExecutor.execute(NodeTestTask.java:204)
	at org.junit.jupiter.engine.descriptor.TestTemplateTestDescriptor.execute(TestTemplateTestDescriptor.java:139)
	at org.junit.jupiter.engine.descriptor.TestTemplateTestDescriptor.lambda$execute$2(TestTemplateTestDescriptor.java:107)
	at java.util.stream.ForEachOps$ForEachOp$OfRef.accept(ForEachOps.java:184)
	at java.util.stream.ReferencePipeline$3$1.accept(ReferencePipeline.java:193)
	at java.util.stream.ReferencePipeline$2$1.accept(ReferencePipeline.java:175)
	at java.util.stream.ReferencePipeline$3$1.accept(ReferencePipeline.java:193)
	at java.util.stream.ForEachOps$ForEachOp$OfRef.accept(ForEachOps.java:184)
	at java.util.stream.ReferencePipeline$3$1.accept(ReferencePipeline.java:193)
	at java.util.stream.ReferencePipeline$3$1.accept(ReferencePipeline.java:193)
	at java.util.stream.ReferencePipeline$3$1.accept(ReferencePipeline.java:193)
	at java.util.stream.Streams$StreamBuilderImpl.forEachRemaining(Streams.java:419)
	at java.util.stream.ReferencePipeline$Head.forEach(ReferencePipeline.java:580)
	at java.util.stream.ReferencePipeline$7$1.accept(ReferencePipeline.java:270)
	at java.util.stream.ReferencePipeline$3$1.accept(ReferencePipeline.java:193)
	at java.util.stream.ReferencePipeline$3$1.accept(ReferencePipeline.java:193)
	at java.util.stream.ReferencePipeline$3$1.accept(ReferencePipeline.java:193)
	at java.util.ArrayList$ArrayListSpliterator.forEachRemaining(ArrayList.java:1382)
	at java.util.stream.AbstractPipeline.copyInto(AbstractPipeline.java:482)
	at java.util.stream.AbstractPipeline.wrapAndCopyInto(AbstractPipeline.java:472)
	at java.util.stream.ForEachOps$ForEachOp.evaluateSequential(ForEachOps.java:151)
	at java.util.stream.ForEachOps$ForEachOp$OfRef.evaluateSequential(ForEachOps.java:174)
	at java.util.stream.AbstractPipeline.evaluate(AbstractPipeline.java:234)
	at java.util.stream.ReferencePipeline.forEach(ReferencePipeline.java:418)
	at java.util.stream.ReferencePipeline$7$1.accept(ReferencePipeline.java:270)
	at java.util.ArrayList$ArrayListSpliterator.forEachRemaining(ArrayList.java:1382)
	at java.util.stream.AbstractPipeline.copyInto(AbstractPipeline.java:482)
	at java.util.stream.AbstractPipeline.wrapAndCopyInto(AbstractPipeline.java:472)
	at java.util.stream.ForEachOps$ForEachOp.evaluateSequential(ForEachOps.java:151)
	at java.util.stream.ForEachOps$ForEachOp$OfRef.evaluateSequential(ForEachOps.java:174)
	at java.util.stream.AbstractPipeline.evaluate(AbstractPipeline.java:234)
	at java.util.stream.ReferencePipeline.forEach(ReferencePipeline.java:418)
	at org.junit.jupiter.engine.descriptor.TestTemplateTestDescriptor.execute(TestTemplateTestDescriptor.java:107)
	at org.junit.jupiter.engine.descriptor.TestTemplateTestDescriptor.execute(TestTemplateTestDescriptor.java:42)
	at org.junit.platform.engine.support.hierarchical.NodeTestTask.lambda$executeRecursively$6(NodeTestTask.java:151)
	at org.junit.platform.engine.support.hierarchical.ThrowableCollector.execute(ThrowableCollector.java:73)
	at org.junit.platform.engine.support.hierarchical.NodeTestTask.lambda$executeRecursively$8(NodeTestTask.java:141)
	at org.junit.platform.engine.support.hierarchical.Node.around(Node.java:137)
	at org.junit.platform.engine.support.hierarchical.NodeTestTask.lambda$executeRecursively$9(NodeTestTask.java:139)
	at org.junit.platform.engine.support.hierarchical.ThrowableCollector.execute(ThrowableCollector.java:73)
	at org.junit.platform.engine.support.hierarchical.NodeTestTask.executeRecursively(NodeTestTask.java:138)
	at org.junit.platform.engine.support.hierarchical.NodeTestTask.execute(NodeTestTask.java:95)
	at org.junit.platform.engine.support.hierarchical.ForkJoinPoolHierarchicalTestExecutorService$ExclusiveTask.compute(ForkJoinPoolHierarchicalTestExecutorService.java:185)
	at org.junit.platform.engine.support.hierarchical.ForkJoinPoolHierarchicalTestExecutorService.executeNonConcurrentTasks(ForkJoinPoolHierarchicalTestExecutorService.java:155)
	at org.junit.platform.engine.support.hierarchical.ForkJoinPoolHierarchicalTestExecutorService.invokeAll(ForkJoinPoolHierarchicalTestExecutorService.java:135)
	at org.junit.platform.engine.support.hierarchical.NodeTestTask.lambda$executeRecursively$6(NodeTestTask.java:155)
	at org.junit.platform.engine.support.hierarchical.ThrowableCollector.execute(ThrowableCollector.java:73)
	at org.junit.platform.engine.support.hierarchical.NodeTestTask.lambda$executeRecursively$8(NodeTestTask.java:141)
	at org.junit.platform.engine.support.hierarchical.Node.around(Node.java:137)
	at org.junit.platform.engine.support.hierarchical.NodeTestTask.lambda$executeRecursively$9(NodeTestTask.java:139)
	at org.junit.platform.engine.support.hierarchical.ThrowableCollector.execute(ThrowableCollector.java:73)
	at org.junit.platform.engine.support.hierarchical.NodeTestTask.executeRecursively(NodeTestTask.java:138)
	at org.junit.platform.engine.support.hierarchical.NodeTestTask.execute(NodeTestTask.java:95)
	at org.junit.platform.engine.support.hierarchical.ForkJoinPoolHierarchicalTestExecutorService$ExclusiveTask.compute(ForkJoinPoolHierarchicalTestExecutorService.java:185)
	at org.junit.platform.engine.support.hierarchical.ForkJoinPoolHierarchicalTestExecutorService.invokeAll(ForkJoinPoolHierarchicalTestExecutorService.java:129)
	at org.junit.platform.engine.support.hierarchical.NodeTestTask.lambda$executeRecursively$6(NodeTestTask.java:155)
	at org.junit.platform.engine.support.hierarchical.ThrowableCollector.execute(ThrowableCollector.java:73)
	at org.junit.platform.engine.support.hierarchical.NodeTestTask.lambda$executeRecursively$8(NodeTestTask.java:141)
	at org.junit.platform.engine.support.hierarchical.Node.around(Node.java:137)
	at org.junit.platform.engine.support.hierarchical.NodeTestTask.lambda$executeRecursively$9(NodeTestTask.java:139)
	at org.junit.platform.engine.support.hierarchical.ThrowableCollector.execute(ThrowableCollector.java:73)
	at org.junit.platform.engine.support.hierarchical.NodeTestTask.executeRecursively(NodeTestTask.java:138)
	at org.junit.platform.engine.support.hierarchical.NodeTestTask.execute(NodeTestTask.java:95)
	at org.junit.platform.engine.support.hierarchical.ForkJoinPoolHierarchicalTestExecutorService$ExclusiveTask.compute(ForkJoinPoolHierarchicalTestExecutorService.java:185)
	at java.util.concurrent.RecursiveAction.exec(RecursiveAction.java:189)
	at java.util.concurrent.ForkJoinTask.doExec(ForkJoinTask.java:289)
	at java.util.concurrent.ForkJoinPool$WorkQueue.runTask(ForkJoinPool.java:1056)
	at java.util.concurrent.ForkJoinPool.runWorker(ForkJoinPool.java:1692)
	at java.util.concurrent.ForkJoinWorkerThread.run(ForkJoinWorkerThread.java:157)
]]></failure>
<system-out><![CDATA[
unique-id: [engine:junit-jupiter]/[class:com.evie.autotest.platform.testcase.example.xUnit0410.TestJunit5Example]/[test-template:test_a_1_b_1(java.util.List)]/[test-template-invocation:#2]
display-name: [2] o=[]
]]></system-out>
</testcase>
<testcase name="test_a_1_a_3()" classname="com.evie.autotest.platform.testcase.example.xUnit0410.TestJunit5Example" time="0.004">
<system-out><![CDATA[
unique-id: [engine:junit-jupiter]/[class:com.evie.autotest.platform.testcase.example.xUnit0410.TestJunit5Example]/[method:test_a_1_a_3()]
display-name: test a 1 a 3
]]></system-out>
</testcase>
<testcase name="test_1271982797()[16]" classname="com.evie.autotest.platform.testcase.example.xUnit0410.TestJunit5Example" time="0">
<system-out><![CDATA[
unique-id: [engine:junit-jupiter]/[class:com.evie.autotest.platform.testcase.example.xUnit0410.TestJunit5Example]/[test-template:test_1271982797()]/[test-template-invocation:#16]
display-name: repetition 16 of 100
]]></system-out>
</testcase>
<testcase name="test_1271982797()[15]" classname="com.evie.autotest.platform.testcase.example.xUnit0410.TestJunit5Example" time="0.001">
<system-out><![CDATA[
unique-id: [engine:junit-jupiter]/[class:com.evie.autotest.platform.testcase.example.xUnit0410.TestJunit5Example]/[test-template:test_1271982797()]/[test-template-invocation:#15]
display-name: repetition 15 of 100
]]></system-out>
</testcase>
<testcase name="test_1271982797()[14]" classname="com.evie.autotest.platform.testcase.example.xUnit0410.TestJunit5Example" time="0">
<system-out><![CDATA[
unique-id: [engine:junit-jupiter]/[class:com.evie.autotest.platform.testcase.example.xUnit0410.TestJunit5Example]/[test-template:test_1271982797()]/[test-template-invocation:#14]
display-name: repetition 14 of 100
]]></system-out>
</testcase>
<testcase name="test_1271982797()[13]" classname="com.evie.autotest.platform.testcase.example.xUnit0410.TestJunit5Example" time="0">
<system-out><![CDATA[
unique-id: [engine:junit-jupiter]/[class:com.evie.autotest.platform.testcase.example.xUnit0410.TestJunit5Example]/[test-template:test_1271982797()]/[test-template-invocation:#13]
display-name: repetition 13 of 100
]]></system-out>
</testcase>
<testcase name="test_1271982797()[19]" classname="com.evie.autotest.platform.testcase.example.xUnit0410.TestJunit5Example" time="0.001">
<system-out><![CDATA[
unique-id: [engine:junit-jupiter]/[class:com.evie.autotest.platform.testcase.example.xUnit0410.TestJunit5Example]/[test-template:test_1271982797()]/[test-template-invocation:#19]
display-name: repetition 19 of 100
]]></system-out>
</testcase>
<testcase name="test_1271982797()[18]" classname="com.evie.autotest.platform.testcase.example.xUnit0410.TestJunit5Example" time="0">
<system-out><![CDATA[
unique-id: [engine:junit-jupiter]/[class:com.evie.autotest.platform.testcase.example.xUnit0410.TestJunit5Example]/[test-template:test_1271982797()]/[test-template-invocation:#18]
display-name: repetition 18 of 100
]]></system-out>
</testcase>
<testcase name="test_1271982797()[17]" classname="com.evie.autotest.platform.testcase.example.xUnit0410.TestJunit5Example" time="0.001">
<system-out><![CDATA[
unique-id: [engine:junit-jupiter]/[class:com.evie.autotest.platform.testcase.example.xUnit0410.TestJunit5Example]/[test-template:test_1271982797()]/[test-template-invocation:#17]
display-name: repetition 17 of 100
]]></system-out>
</testcase>
<testcase name="test_1271982797()[12]" classname="com.evie.autotest.platform.testcase.example.xUnit0410.TestJunit5Example" time="0">
<system-out><![CDATA[
unique-id: [engine:junit-jupiter]/[class:com.evie.autotest.platform.testcase.example.xUnit0410.TestJunit5Example]/[test-template:test_1271982797()]/[test-template-invocation:#12]
display-name: repetition 12 of 100
]]></system-out>
</testcase>
<testcase name="test_1271982797()[11]" classname="com.evie.autotest.platform.testcase.example.xUnit0410.TestJunit5Example" time="0">
<system-out><![CDATA[
unique-id: [engine:junit-jupiter]/[class:com.evie.autotest.platform.testcase.example.xUnit0410.TestJunit5Example]/[test-template:test_1271982797()]/[test-template-invocation:#11]
display-name: repetition 11 of 100
]]></system-out>
</testcase>
<testcase name="test_1271982797()[10]" classname="com.evie.autotest.platform.testcase.example.xUnit0410.TestJunit5Example" time="0">
<system-out><![CDATA[
unique-id: [engine:junit-jupiter]/[class:com.evie.autotest.platform.testcase.example.xUnit0410.TestJunit5Example]/[test-template:test_1271982797()]/[test-template-invocation:#10]
display-name: repetition 10 of 100
]]></system-out>
</testcase>
<testcase name="test(int)[20]" classname="com.evie.autotest.platform.testcase.example.xUnit0410.TestJunit5Example" time="0.001">
<system-out><![CDATA[
unique-id: [engine:junit-jupiter]/[class:com.evie.autotest.platform.testcase.example.xUnit0410.TestJunit5Example]/[test-template:test(int)]/[test-template-invocation:#20]
display-name: repetition 20 of 20
]]></system-out>
</testcase>
<testcase name="test(int)[15]" classname="com.evie.autotest.platform.testcase.example.xUnit0410.TestJunit5Example" time="0.001">
<system-out><![CDATA[
unique-id: [engine:junit-jupiter]/[class:com.evie.autotest.platform.testcase.example.xUnit0410.TestJunit5Example]/[test-template:test(int)]/[test-template-invocation:#15]
display-name: repetition 15 of 20
]]></system-out>
</testcase>
<testcase name="test(int)[14]" classname="com.evie.autotest.platform.testcase.example.xUnit0410.TestJunit5Example" time="0.001">
<system-out><![CDATA[
unique-id: [engine:junit-jupiter]/[class:com.evie.autotest.platform.testcase.example.xUnit0410.TestJunit5Example]/[test-template:test(int)]/[test-template-invocation:#14]
display-name: repetition 14 of 20
]]></system-out>
</testcase>
<testcase name="test(int)[17]" classname="com.evie.autotest.platform.testcase.example.xUnit0410.TestJunit5Example" time="0">
<system-out><![CDATA[
unique-id: [engine:junit-jupiter]/[class:com.evie.autotest.platform.testcase.example.xUnit0410.TestJunit5Example]/[test-template:test(int)]/[test-template-invocation:#17]
display-name: repetition 17 of 20
]]></system-out>
</testcase>
<testcase name="test(int)[16]" classname="com.evie.autotest.platform.testcase.example.xUnit0410.TestJunit5Example" time="0.001">
<system-out><![CDATA[
unique-id: [engine:junit-jupiter]/[class:com.evie.autotest.platform.testcase.example.xUnit0410.TestJunit5Example]/[test-template:test(int)]/[test-template-invocation:#16]
display-name: repetition 16 of 20
]]></system-out>
</testcase>
<testcase name="test(int)[11]" classname="com.evie.autotest.platform.testcase.example.xUnit0410.TestJunit5Example" time="0.001">
<system-out><![CDATA[
unique-id: [engine:junit-jupiter]/[class:com.evie.autotest.platform.testcase.example.xUnit0410.TestJunit5Example]/[test-template:test(int)]/[test-template-invocation:#11]
display-name: repetition 11 of 20
]]></system-out>
</testcase>
<testcase name="test(int)[10]" classname="com.evie.autotest.platform.testcase.example.xUnit0410.TestJunit5Example" time="0.001">
<system-out><![CDATA[
unique-id: [engine:junit-jupiter]/[class:com.evie.autotest.platform.testcase.example.xUnit0410.TestJunit5Example]/[test-template:test(int)]/[test-template-invocation:#10]
display-name: repetition 10 of 20
]]></system-out>
</testcase>
<testcase name="test(int)[13]" classname="com.evie.autotest.platform.testcase.example.xUnit0410.TestJunit5Example" time="0.001">
<system-out><![CDATA[
unique-id: [engine:junit-jupiter]/[class:com.evie.autotest.platform.testcase.example.xUnit0410.TestJunit5Example]/[test-template:test(int)]/[test-template-invocation:#13]
display-name: repetition 13 of 20
]]></system-out>
</testcase>
<testcase name="test(int)[12]" classname="com.evie.autotest.platform.testcase.example.xUnit0410.TestJunit5Example" time="0.001">
<system-out><![CDATA[
unique-id: [engine:junit-jupiter]/[class:com.evie.autotest.platform.testcase.example.xUnit0410.TestJunit5Example]/[test-template:test(int)]/[test-template-invocation:#12]
display-name: repetition 12 of 20
]]></system-out>
</testcase>
<testcase name="test(int)[19]" classname="com.evie.autotest.platform.testcase.example.xUnit0410.TestJunit5Example" time="0.001">
<system-out><![CDATA[
unique-id: [engine:junit-jupiter]/[class:com.evie.autotest.platform.testcase.example.xUnit0410.TestJunit5Example]/[test-template:test(int)]/[test-template-invocation:#19]
display-name: repetition 19 of 20
]]></system-out>
</testcase>
<testcase name="pollUntil()" classname="com.evie.autotest.platform.testcase.example.xUnit0410.TestJunit5Example" time="2.505">
<system-out><![CDATA[
unique-id: [engine:junit-jupiter]/[class:com.evie.autotest.platform.testcase.example.xUnit0410.TestJunit5Example]/[method:pollUntil()]
display-name: pollUntil
]]></system-out>
</testcase>
<testcase name="test(int)[18]" classname="com.evie.autotest.platform.testcase.example.xUnit0410.TestJunit5Example" time="0.001">
<system-out><![CDATA[
unique-id: [engine:junit-jupiter]/[class:com.evie.autotest.platform.testcase.example.xUnit0410.TestJunit5Example]/[test-template:test(int)]/[test-template-invocation:#18]
display-name: repetition 18 of 20
]]></system-out>
</testcase>
<testcase name="test_1273812987(Object)[3]" classname="com.evie.autotest.platform.testcase.example.xUnit0410.TestJunit5Example" time="0.001">
<system-out><![CDATA[
unique-id: [engine:junit-jupiter]/[class:com.evie.autotest.platform.testcase.example.xUnit0410.TestJunit5Example]/[test-template:test_1273812987(java.lang.Object)]/[test-template-invocation:#3]
display-name: [3] test={localhost={host=127.0.0.1}, user={host=127.0.0.1, db=8}, book={host=127.0.0.1, db=9}, comment={host=127.0.0.1, db=10}}
]]></system-out>
</testcase>
<testcase name="test_1273812987(Object)[2]" classname="com.evie.autotest.platform.testcase.example.xUnit0410.TestJunit5Example" time="0.001">
<system-out><![CDATA[
unique-id: [engine:junit-jupiter]/[class:com.evie.autotest.platform.testcase.example.xUnit0410.TestJunit5Example]/[test-template:test_1273812987(java.lang.Object)]/[test-template-invocation:#2]
display-name: [2] test={localhost={host=127.0.0.1}, user={host=127.0.0.1, db=8}, book={host=127.0.0.1, db=9}, comment={host=127.0.0.1, db=10}}
]]></system-out>
</testcase>
<testcase name="test_1273812987(Object)[1]" classname="com.evie.autotest.platform.testcase.example.xUnit0410.TestJunit5Example" time="0.001">
<system-out><![CDATA[
unique-id: [engine:junit-jupiter]/[class:com.evie.autotest.platform.testcase.example.xUnit0410.TestJunit5Example]/[test-template:test_1273812987(java.lang.Object)]/[test-template-invocation:#1]
display-name: [1] test={localhost={host=127.0.0.1}, user={host=127.0.0.1, db=8}, book={host=127.0.0.1, db=9}, comment={host=127.0.0.1, db=10}}
]]></system-out>
</testcase>
<testcase name="test_a_1_a_2()" classname="com.evie.autotest.platform.testcase.example.xUnit0410.TestJunit5Example" time="0.004">
<system-out><![CDATA[
unique-id: [engine:junit-jupiter]/[class:com.evie.autotest.platform.testcase.example.xUnit0410.TestJunit5Example]/[method:test_a_1_a_2()]
display-name: test a 1 a 2
]]></system-out>
</testcase>
<testcase name="test_1273812987(Object)[9]" classname="com.evie.autotest.platform.testcase.example.xUnit0410.TestJunit5Example" time="0.001">
<system-out><![CDATA[
unique-id: [engine:junit-jupiter]/[class:com.evie.autotest.platform.testcase.example.xUnit0410.TestJunit5Example]/[test-template:test_1273812987(java.lang.Object)]/[test-template-invocation:#9]
display-name: [9] test={localhost={host=127.0.0.1}, user={host=127.0.0.1, db=8}, book={host=127.0.0.1, db=9}, comment={host=127.0.0.1, db=10}}
]]></system-out>
</testcase>
<testcase name="test_1273812987(Object)[8]" classname="com.evie.autotest.platform.testcase.example.xUnit0410.TestJunit5Example" time="0.001">
<system-out><![CDATA[
unique-id: [engine:junit-jupiter]/[class:com.evie.autotest.platform.testcase.example.xUnit0410.TestJunit5Example]/[test-template:test_1273812987(java.lang.Object)]/[test-template-invocation:#8]
display-name: [8] test={localhost={host=127.0.0.1}, user={host=127.0.0.1, db=8}, book={host=127.0.0.1, db=9}, comment={host=127.0.0.1, db=10}}
]]></system-out>
</testcase>
<testcase name="test_1273812987(Object)[7]" classname="com.evie.autotest.platform.testcase.example.xUnit0410.TestJunit5Example" time="0.001">
<system-out><![CDATA[
unique-id: [engine:junit-jupiter]/[class:com.evie.autotest.platform.testcase.example.xUnit0410.TestJunit5Example]/[test-template:test_1273812987(java.lang.Object)]/[test-template-invocation:#7]
display-name: [7] test={localhost={host=127.0.0.1}, user={host=127.0.0.1, db=8}, book={host=127.0.0.1, db=9}, comment={host=127.0.0.1, db=10}}
]]></system-out>
</testcase>
<testcase name="test_1273812987(Object)[6]" classname="com.evie.autotest.platform.testcase.example.xUnit0410.TestJunit5Example" time="0">
<system-out><![CDATA[
unique-id: [engine:junit-jupiter]/[class:com.evie.autotest.platform.testcase.example.xUnit0410.TestJunit5Example]/[test-template:test_1273812987(java.lang.Object)]/[test-template-invocation:#6]
display-name: [6] test={localhost={host=127.0.0.1}, user={host=127.0.0.1, db=8}, book={host=127.0.0.1, db=9}, comment={host=127.0.0.1, db=10}}
]]></system-out>
</testcase>
<testcase name="test_1239(MemberInfo)[3]" classname="com.evie.autotest.platform.testcase.example.xUnit0410.TestJunit5Example" time="0">
<system-out><![CDATA[
unique-id: [engine:junit-jupiter]/[class:com.evie.autotest.platform.testcase.example.xUnit0410.TestJunit5Example]/[test-template:test_1239(com.evie.autotest.platform.testcase.example.xUnit0410.TestJunit5Example$MemberInfo)]/[test-template-invocation:#3]
display-name: [3] memberInfo=TestJunit5Example.MemberInfo(name=null, alias=nihao, id=null, phone=null, landline=8544211, email=null, address=中国, jobTitle=老板)
]]></system-out>
</testcase>
<testcase name="test_1273812987(Object)[5]" classname="com.evie.autotest.platform.testcase.example.xUnit0410.TestJunit5Example" time="0">
<system-out><![CDATA[
unique-id: [engine:junit-jupiter]/[class:com.evie.autotest.platform.testcase.example.xUnit0410.TestJunit5Example]/[test-template:test_1273812987(java.lang.Object)]/[test-template-invocation:#5]
display-name: [5] test={localhost={host=127.0.0.1}, user={host=127.0.0.1, db=8}, book={host=127.0.0.1, db=9}, comment={host=127.0.0.1, db=10}}
]]></system-out>
</testcase>
<testcase name="test_1239(MemberInfo)[2]" classname="com.evie.autotest.platform.testcase.example.xUnit0410.TestJunit5Example" time="0.001">
<system-out><![CDATA[
unique-id: [engine:junit-jupiter]/[class:com.evie.autotest.platform.testcase.example.xUnit0410.TestJunit5Example]/[test-template:test_1239(com.evie.autotest.platform.testcase.example.xUnit0410.TestJunit5Example$MemberInfo)]/[test-template-invocation:#2]
display-name: [2] memberInfo=TestJunit5Example.MemberInfo(name=null, alias=nihao, id=null, phone=null, landline=8544211, email=null, address=中国, jobTitle=老板)
]]></system-out>
</testcase>
<testcase name="test_1273812987(Object)[4]" classname="com.evie.autotest.platform.testcase.example.xUnit0410.TestJunit5Example" time="0.001">
<system-out><![CDATA[
unique-id: [engine:junit-jupiter]/[class:com.evie.autotest.platform.testcase.example.xUnit0410.TestJunit5Example]/[test-template:test_1273812987(java.lang.Object)]/[test-template-invocation:#4]
display-name: [4] test={localhost={host=127.0.0.1}, user={host=127.0.0.1, db=8}, book={host=127.0.0.1, db=9}, comment={host=127.0.0.1, db=10}}
]]></system-out>
</testcase>
<testcase name="test_a_1_b_2(String)[1]" classname="com.evie.autotest.platform.testcase.example.xUnit0410.TestJunit5Example" time="0.001">
<system-out><![CDATA[
unique-id: [engine:junit-jupiter]/[class:com.evie.autotest.platform.testcase.example.xUnit0410.TestJunit5Example]/[test-template:test_a_1_b_2(java.lang.String)]/[test-template-invocation:#1]
display-name: [1] o=RYW
]]></system-out>
</testcase>
<testcase name="test_a_1_b_2(String)[2]" classname="com.evie.autotest.platform.testcase.example.xUnit0410.TestJunit5Example" time="0.001">
<failure message="测试参数化 string 字符串的传递 ==> expected: &lt;RYW> but was: &lt;TJY>" type="org.opentest4j.AssertionFailedError"><![CDATA[org.opentest4j.AssertionFailedError: 测试参数化 string 字符串的传递 ==> expected: <RYW> but was: <TJY>
	at org.junit.jupiter.api.AssertionUtils.fail(AssertionUtils.java:55)
	at org.junit.jupiter.api.AssertionUtils.failNotEqual(AssertionUtils.java:62)
	at org.junit.jupiter.api.AssertEquals.assertEquals(AssertEquals.java:182)
	at org.junit.jupiter.api.Assertions.assertEquals(Assertions.java:1152)
	at com.evie.autotest.platform.testcase.example.xUnit0410.TestJunit5Example.test_a_1_b_2(TestJunit5Example.java:184)
	at sun.reflect.NativeMethodAccessorImpl.invoke0(Native Method)
	at sun.reflect.NativeMethodAccessorImpl.invoke(NativeMethodAccessorImpl.java:62)
	at sun.reflect.DelegatingMethodAccessorImpl.invoke(DelegatingMethodAccessorImpl.java:43)
	at java.lang.reflect.Method.invoke(Method.java:498)
	at org.junit.platform.commons.util.ReflectionUtils.invokeMethod(ReflectionUtils.java:725)
	at org.junit.jupiter.engine.execution.MethodInvocation.proceed(MethodInvocation.java:60)
	at org.junit.jupiter.engine.execution.InvocationInterceptorChain$ValidatingInvocation.proceed(InvocationInterceptorChain.java:131)
	at org.junit.jupiter.engine.extension.TimeoutExtension.intercept(TimeoutExtension.java:149)
	at org.junit.jupiter.engine.extension.TimeoutExtension.interceptTestableMethod(TimeoutExtension.java:140)
	at org.junit.jupiter.engine.extension.TimeoutExtension.interceptTestTemplateMethod(TimeoutExtension.java:92)
	at org.junit.jupiter.engine.execution.ExecutableInvoker$ReflectiveInterceptorCall.lambda$ofVoidMethod$0(ExecutableInvoker.java:115)
	at org.junit.jupiter.engine.execution.ExecutableInvoker.lambda$invoke$0(ExecutableInvoker.java:105)
	at org.junit.jupiter.engine.execution.InvocationInterceptorChain$InterceptedInvocation.proceed(InvocationInterceptorChain.java:106)
	at org.junit.jupiter.engine.execution.InvocationInterceptorChain.proceed(InvocationInterceptorChain.java:64)
	at org.junit.jupiter.engine.execution.InvocationInterceptorChain.chainAndInvoke(InvocationInterceptorChain.java:45)
	at org.junit.jupiter.engine.execution.InvocationInterceptorChain.invoke(InvocationInterceptorChain.java:37)
	at org.junit.jupiter.engine.execution.ExecutableInvoker.invoke(ExecutableInvoker.java:104)
	at org.junit.jupiter.engine.execution.ExecutableInvoker.invoke(ExecutableInvoker.java:98)
	at org.junit.jupiter.engine.descriptor.TestMethodTestDescriptor.lambda$invokeTestMethod$7(TestMethodTestDescriptor.java:214)
	at org.junit.platform.engine.support.hierarchical.ThrowableCollector.execute(ThrowableCollector.java:73)
	at org.junit.jupiter.engine.descriptor.TestMethodTestDescriptor.invokeTestMethod(TestMethodTestDescriptor.java:210)
	at org.junit.jupiter.engine.descriptor.TestMethodTestDescriptor.execute(TestMethodTestDescriptor.java:135)
	at org.junit.jupiter.engine.descriptor.TestMethodTestDescriptor.execute(TestMethodTestDescriptor.java:66)
	at org.junit.platform.engine.support.hierarchical.NodeTestTask.lambda$executeRecursively$6(NodeTestTask.java:151)
	at org.junit.platform.engine.support.hierarchical.ThrowableCollector.execute(ThrowableCollector.java:73)
	at org.junit.platform.engine.support.hierarchical.NodeTestTask.lambda$executeRecursively$8(NodeTestTask.java:141)
	at org.junit.platform.engine.support.hierarchical.Node.around(Node.java:137)
	at org.junit.platform.engine.support.hierarchical.NodeTestTask.lambda$executeRecursively$9(NodeTestTask.java:139)
	at org.junit.platform.engine.support.hierarchical.ThrowableCollector.execute(ThrowableCollector.java:73)
	at org.junit.platform.engine.support.hierarchical.NodeTestTask.executeRecursively(NodeTestTask.java:138)
	at org.junit.platform.engine.support.hierarchical.NodeTestTask.execute(NodeTestTask.java:95)
	at org.junit.platform.engine.support.hierarchical.ForkJoinPoolHierarchicalTestExecutorService$ExclusiveTask.compute(ForkJoinPoolHierarchicalTestExecutorService.java:185)
	at org.junit.platform.engine.support.hierarchical.ForkJoinPoolHierarchicalTestExecutorService.submit(ForkJoinPoolHierarchicalTestExecutorService.java:118)
	at org.junit.platform.engine.support.hierarchical.NodeTestTask$DefaultDynamicTestExecutor.execute(NodeTestTask.java:226)
	at org.junit.platform.engine.support.hierarchical.NodeTestTask$DefaultDynamicTestExecutor.execute(NodeTestTask.java:204)
	at org.junit.jupiter.engine.descriptor.TestTemplateTestDescriptor.execute(TestTemplateTestDescriptor.java:139)
	at org.junit.jupiter.engine.descriptor.TestTemplateTestDescriptor.lambda$execute$2(TestTemplateTestDescriptor.java:107)
	at java.util.stream.ForEachOps$ForEachOp$OfRef.accept(ForEachOps.java:184)
	at java.util.stream.ReferencePipeline$3$1.accept(ReferencePipeline.java:193)
	at java.util.stream.ReferencePipeline$2$1.accept(ReferencePipeline.java:175)
	at java.util.stream.ReferencePipeline$3$1.accept(ReferencePipeline.java:193)
	at java.util.stream.ForEachOps$ForEachOp$OfRef.accept(ForEachOps.java:184)
	at java.util.stream.ReferencePipeline$3$1.accept(ReferencePipeline.java:193)
	at java.util.stream.ReferencePipeline$3$1.accept(ReferencePipeline.java:193)
	at java.util.stream.ReferencePipeline$3$1.accept(ReferencePipeline.java:193)
	at java.util.stream.ForEachOps$ForEachOp$OfRef.accept(ForEachOps.java:184)
	at java.util.stream.ReferencePipeline$3$1.accept(ReferencePipeline.java:193)
	at java.util.Spliterators$ArraySpliterator.forEachRemaining(Spliterators.java:948)
	at java.util.stream.AbstractPipeline.copyInto(AbstractPipeline.java:482)
	at java.util.stream.AbstractPipeline.wrapAndCopyInto(AbstractPipeline.java:472)
	at java.util.stream.ForEachOps$ForEachOp.evaluateSequential(ForEachOps.java:151)
	at java.util.stream.ForEachOps$ForEachOp$OfRef.evaluateSequential(ForEachOps.java:174)
	at java.util.stream.AbstractPipeline.evaluate(AbstractPipeline.java:234)
	at java.util.stream.ReferencePipeline.forEach(ReferencePipeline.java:418)
	at java.util.stream.ReferencePipeline$7$1.accept(ReferencePipeline.java:270)
	at java.util.stream.ReferencePipeline$3$1.accept(ReferencePipeline.java:193)
	at java.util.stream.ReferencePipeline$3$1.accept(ReferencePipeline.java:193)
	at java.util.stream.ReferencePipeline$3$1.accept(ReferencePipeline.java:193)
	at java.util.ArrayList$ArrayListSpliterator.forEachRemaining(ArrayList.java:1382)
	at java.util.stream.AbstractPipeline.copyInto(AbstractPipeline.java:482)
	at java.util.stream.AbstractPipeline.wrapAndCopyInto(AbstractPipeline.java:472)
	at java.util.stream.ForEachOps$ForEachOp.evaluateSequential(ForEachOps.java:151)
	at java.util.stream.ForEachOps$ForEachOp$OfRef.evaluateSequential(ForEachOps.java:174)
	at java.util.stream.AbstractPipeline.evaluate(AbstractPipeline.java:234)
	at java.util.stream.ReferencePipeline.forEach(ReferencePipeline.java:418)
	at java.util.stream.ReferencePipeline$7$1.accept(ReferencePipeline.java:270)
	at java.util.ArrayList$ArrayListSpliterator.forEachRemaining(ArrayList.java:1382)
	at java.util.stream.AbstractPipeline.copyInto(AbstractPipeline.java:482)
	at java.util.stream.AbstractPipeline.wrapAndCopyInto(AbstractPipeline.java:472)
	at java.util.stream.ForEachOps$ForEachOp.evaluateSequential(ForEachOps.java:151)
	at java.util.stream.ForEachOps$ForEachOp$OfRef.evaluateSequential(ForEachOps.java:174)
	at java.util.stream.AbstractPipeline.evaluate(AbstractPipeline.java:234)
	at java.util.stream.ReferencePipeline.forEach(ReferencePipeline.java:418)
	at org.junit.jupiter.engine.descriptor.TestTemplateTestDescriptor.execute(TestTemplateTestDescriptor.java:107)
	at org.junit.jupiter.engine.descriptor.TestTemplateTestDescriptor.execute(TestTemplateTestDescriptor.java:42)
	at org.junit.platform.engine.support.hierarchical.NodeTestTask.lambda$executeRecursively$6(NodeTestTask.java:151)
[...]
	at org.junit.platform.engine.support.hierarchical.NodeTestTask.lambda$executeRecursively$6(NodeTestTask.java:155)
	at org.junit.platform.engine.support.hierarchical.ThrowableCollector.execute(ThrowableCollector.java:73)
	at org.junit.platform.engine.support.hierarchical.NodeTestTask.lambda$executeRecursively$8(NodeTestTask.java:141)
	at org.junit.platform.engine.support.hierarchical.Node.around(Node.java:137)
	at org.junit.platform.engine.support.hierarchical.NodeTestTask.lambda$executeRecursively$9(NodeTestTask.java:139)
	at org.junit.platform.engine.support.hierarchical.ThrowableCollector.execute(ThrowableCollector.java:73)
	at org.junit.platform.engine.support.hierarchical.NodeTestTask.executeRecursively(NodeTestTask.java:138)
	at org.junit.platform.engine.support.hierarchical.NodeTestTask.execute(NodeTestTask.java:95)
	at org.junit.platform.engine.support.hierarchical.ForkJoinPoolHierarchicalTestExecutorService$ExclusiveTask.compute(ForkJoinPoolHierarchicalTestExecutorService.java:185)
	at java.util.concurrent.RecursiveAction.exec(RecursiveAction.java:189)
	at java.util.concurrent.ForkJoinTask.doExec(ForkJoinTask.java:289)
	at java.util.concurrent.ForkJoinPool$WorkQueue.runTask(ForkJoinPool.java:1056)
	at java.util.concurrent.ForkJoinPool.runWorker(ForkJoinPool.java:1692)
	at java.util.concurrent.ForkJoinWorkerThread.run(ForkJoinWorkerThread.java:157)
]]></failure>
<system-out><![CDATA[
unique-id: [engine:junit-jupiter]/[class:com.evie.autotest.platform.testcase.example.xUnit0410.TestJunit5Example]/[test-template:test_1724917(com.evie.autotest.util.db.DataMap)]/[test-template-invocation:#6]
display-name: [6] data={12121_title=1212, qwe_title=qweqwe}
]]></system-out>
</testcase>
<testcase name="test_1724917(DataMap)[5]" classname="com.evie.autotest.platform.testcase.example.xUnit0410.TestJunit5Example" time="0.001">
<system-out><![CDATA[
unique-id: [engine:junit-jupiter]/[class:com.evie.autotest.platform.testcase.example.xUnit0410.TestJunit5Example]/[test-template:test_1724917(com.evie.autotest.util.db.DataMap)]/[test-template-invocation:#5]
display-name: [5] data={12121_title=asdasda, qwe_title=qweqw}
]]></system-out>
</testcase>
<testcase name="testWithEnumSourceRegex(TimeUnit)[3]" classname="com.evie.autotest.platform.testcase.example.xUnit0410.TestJunit5Example" time="0.001">
<system-out><![CDATA[
unique-id: [engine:junit-jupiter]/[class:com.evie.autotest.platform.testcase.example.xUnit0410.TestJunit5Example]/[test-template:testWithEnumSourceRegex(java.util.concurrent.TimeUnit)]/[test-template-invocation:#3]
display-name: [3] timeUnit=MILLISECONDS
]]></system-out>
</testcase>
<testcase name="test_1724917(DataMap)[7]" classname="com.evie.autotest.platform.testcase.example.xUnit0410.TestJunit5Example" time="0.001">
<failure message="校验数据失败！ ==> expected: &lt;true> but was: &lt;false>" type="org.opentest4j.AssertionFailedError"><![CDATA[org.opentest4j.AssertionFailedError: 校验数据失败！ ==> expected: <true> but was: <false>
	at org.junit.jupiter.api.AssertionUtils.fail(AssertionUtils.java:55)
	at org.junit.jupiter.api.AssertTrue.assertTrue(AssertTrue.java:40)
	at org.junit.jupiter.api.Assertions.assertTrue(Assertions.java:210)
	at com.evie.autotest.platform.testcase.example.xUnit0410.TestJunit5Example.test_1724917(TestJunit5Example.java:541)
	at sun.reflect.NativeMethodAccessorImpl.invoke0(Native Method)
	at sun.reflect.NativeMethodAccessorImpl.invoke(NativeMethodAccessorImpl.java:62)
	at sun.reflect.DelegatingMethodAccessorImpl.invoke(DelegatingMethodAccessorImpl.java:43)
	at java.lang.reflect.Method.invoke(Method.java:498)
	at org.junit.platform.commons.util.ReflectionUtils.invokeMethod(ReflectionUtils.java:725)
	at org.junit.jupiter.engine.execution.MethodInvocation.proceed(MethodInvocation.java:60)
	at org.junit.jupiter.engine.execution.InvocationInterceptorChain$ValidatingInvocation.proceed(InvocationInterceptorChain.java:131)
	at org.junit.jupiter.engine.extension.TimeoutExtension.intercept(TimeoutExtension.java:149)
	at org.junit.jupiter.engine.extension.TimeoutExtension.interceptTestableMethod(TimeoutExtension.java:140)
	at org.junit.jupiter.engine.extension.TimeoutExtension.interceptTestTemplateMethod(TimeoutExtension.java:92)
	at org.junit.jupiter.engine.execution.ExecutableInvoker$ReflectiveInterceptorCall.lambda$ofVoidMethod$0(ExecutableInvoker.java:115)
	at org.junit.jupiter.engine.execution.ExecutableInvoker.lambda$invoke$0(ExecutableInvoker.java:105)
	at org.junit.jupiter.engine.execution.InvocationInterceptorChain$InterceptedInvocation.proceed(InvocationInterceptorChain.java:106)
	at org.junit.jupiter.engine.execution.InvocationInterceptorChain.proceed(InvocationInterceptorChain.java:64)
	at org.junit.jupiter.engine.execution.InvocationInterceptorChain.chainAndInvoke(InvocationInterceptorChain.java:45)
	at org.junit.jupiter.engine.execution.InvocationInterceptorChain.invoke(InvocationInterceptorChain.java:37)
	at org.junit.jupiter.engine.execution.ExecutableInvoker.invoke(ExecutableInvoker.java:104)
	at org.junit.jupiter.engine.execution.ExecutableInvoker.invoke(ExecutableInvoker.java:98)
	at org.junit.jupiter.engine.descriptor.TestMethodTestDescriptor.lambda$invokeTestMethod$7(TestMethodTestDescriptor.java:214)
	at org.junit.platform.engine.support.hierarchical.ThrowableCollector.execute(ThrowableCollector.java:73)
	at org.junit.jupiter.engine.descriptor.TestMethodTestDescriptor.invokeTestMethod(TestMethodTestDescriptor.java:210)
	at org.junit.jupiter.engine.descriptor.TestMethodTestDescriptor.execute(TestMethodTestDescriptor.java:135)
	at org.junit.jupiter.engine.descriptor.TestMethodTestDescriptor.execute(TestMethodTestDescriptor.java:66)
	at org.junit.platform.engine.support.hierarchical.NodeTestTask.lambda$executeRecursively$6(NodeTestTask.java:151)
	at org.junit.platform.engine.support.hierarchical.ThrowableCollector.execute(ThrowableCollector.java:73)
	at org.junit.platform.engine.support.hierarchical.NodeTestTask.lambda$executeRecursively$8(NodeTestTask.java:141)
	at org.junit.platform.engine.support.hierarchical.Node.around(Node.java:137)
	at org.junit.platform.engine.support.hierarchical.NodeTestTask.lambda$executeRecursively$9(NodeTestTask.java:139)
	at org.junit.platform.engine.support.hierarchical.ThrowableCollector.execute(ThrowableCollector.java:73)
	at org.junit.platform.engine.support.hierarchical.NodeTestTask.executeRecursively(NodeTestTask.java:138)
	at org.junit.platform.engine.support.hierarchical.NodeTestTask.execute(NodeTestTask.java:95)
	at org.junit.platform.engine.support.hierarchical.ForkJoinPoolHierarchicalTestExecutorService$ExclusiveTask.compute(ForkJoinPoolHierarchicalTestExecutorService.java:185)
	at org.junit.platform.engine.support.hierarchical.ForkJoinPoolHierarchicalTestExecutorService.submit(ForkJoinPoolHierarchicalTestExecutorService.java:118)
	at org.junit.platform.engine.support.hierarchical.NodeTestTask$DefaultDynamicTestExecutor.execute(NodeTestTask.java:226)
	at org.junit.platform.engine.support.hierarchical.NodeTestTask$DefaultDynamicTestExecutor.execute(NodeTestTask.java:204)
	at org.junit.jupiter.engine.descriptor.TestTemplateTestDescriptor.execute(TestTemplateTestDescriptor.java:139)
	at org.junit.jupiter.engine.descriptor.TestTemplateTestDescriptor.lambda$execute$2(TestTemplateTestDescriptor.java:107)
	at java.util.stream.ForEachOps$ForEachOp$OfRef.accept(ForEachOps.java:184)
	at java.util.stream.ReferencePipeline$3$1.accept(ReferencePipeline.java:193)
	at java.util.stream.ReferencePipeline$2$1.accept(ReferencePipeline.java:175)
	at java.util.stream.ReferencePipeline$3$1.accept(ReferencePipeline.java:193)
	at java.util.stream.ForEachOps$ForEachOp$OfRef.accept(ForEachOps.java:184)
	at java.util.stream.ReferencePipeline$3$1.accept(ReferencePipeline.java:193)
	at java.util.stream.ReferencePipeline$3$1.accept(ReferencePipeline.java:193)
	at java.util.stream.ReferencePipeline$3$1.accept(ReferencePipeline.java:193)
	at java.util.stream.ForEachOps$ForEachOp$OfRef.accept(ForEachOps.java:184)
	at java.util.stream.ReferencePipeline$3$1.accept(ReferencePipeline.java:193)
	at java.util.ArrayList$Itr.forEachRemaining(ArrayList.java:899)
	at java.util.Spliterators$IteratorSpliterator.forEachRemaining(Spliterators.java:1801)
	at java.util.stream.ReferencePipeline$Head.forEach(ReferencePipeline.java:580)
	at java.util.stream.ReferencePipeline$7$1.accept(ReferencePipeline.java:270)
	at java.util.stream.ReferencePipeline$3$1.accept(ReferencePipeline.java:193)
	at java.util.Spliterators$ArraySpliterator.forEachRemaining(Spliterators.java:948)
	at java.util.stream.AbstractPipeline.copyInto(AbstractPipeline.java:482)
	at java.util.stream.AbstractPipeline.wrapAndCopyInto(AbstractPipeline.java:472)
	at java.util.stream.ForEachOps$ForEachOp.evaluateSequential(ForEachOps.java:151)
	at java.util.stream.ForEachOps$ForEachOp$OfRef.evaluateSequential(ForEachOps.java:174)
	at java.util.stream.AbstractPipeline.evaluate(AbstractPipeline.java:234)
	at java.util.stream.ReferencePipeline.forEach(ReferencePipeline.java:418)
	at java.util.stream.ReferencePipeline$7$1.accept(ReferencePipeline.java:270)
	at java.util.stream.ReferencePipeline$3$1.accept(ReferencePipeline.java:193)
	at java.util.stream.ReferencePipeline$3$1.accept(ReferencePipeline.java:193)
	at java.util.stream.ReferencePipeline$3$1.accept(ReferencePipeline.java:193)
	at java.util.ArrayList$ArrayListSpliterator.forEachRemaining(ArrayList.java:1382)
	at java.util.stream.AbstractPipeline.copyInto(AbstractPipeline.java:482)
	at java.util.stream.AbstractPipeline.wrapAndCopyInto(AbstractPipeline.java:472)
	at java.util.stream.ForEachOps$ForEachOp.evaluateSequential(ForEachOps.java:151)
	at java.util.stream.ForEachOps$ForEachOp$OfRef.evaluateSequential(ForEachOps.java:174)
	at java.util.stream.AbstractPipeline.evaluate(AbstractPipeline.java:234)
	at java.util.stream.ReferencePipeline.forEach(ReferencePipeline.java:418)
	at java.util.stream.ReferencePipeline$7$1.accept(ReferencePipeline.java:270)
	at java.util.ArrayList$ArrayListSpliterator.forEachRemaining(ArrayList.java:1382)
	at java.util.stream.AbstractPipeline.copyInto(AbstractPipeline.java:482)
	at java.util.stream.AbstractPipeline.wrapAndCopyInto(AbstractPipeline.java:472)
	at java.util.stream.ForEachOps$ForEachOp.evaluateSequential(ForEachOps.java:151)
	at java.util.stream.ForEachOps$ForEachOp$OfRef.evaluateSequential(ForEachOps.java:174)
	at java.util.stream.AbstractPipeline.evaluate(AbstractPipeline.java:234)
	at java.util.stream.ReferencePipeline.forEach(ReferencePipeline.java:418)
	at org.junit.jupiter.engine.descriptor.TestTemplateTestDescriptor.execute(TestTemplateTestDescriptor.java:107)
	at org.junit.jupiter.engine.descriptor.TestTemplateTestDescriptor.execute(TestTemplateTestDescriptor.java:42)
	at org.junit.platform.engine.support.hierarchical.NodeTestTask.lambda$executeRecursively$6(NodeTestTask.java:151)
	at org.junit.platform.engine.support.hierarchical.ThrowableCollector.execute(ThrowableCollector.java:73)
	at org.junit.platform.engine.support.hierarchical.NodeTestTask.lambda$executeRecursively$8(NodeTestTask.java:141)
	at org.junit.platform.engine.support.hierarchical.Node.around(Node.java:137)
	at org.junit.platform.engine.support.hierarchical.NodeTestTask.lambda$executeRecursively$9(NodeTestTask.java:139)
	at org.junit.platform.engine.support.hierarchical.ThrowableCollector.execute(ThrowableCollector.java:73)
	at org.junit.platform.engine.support.hierarchical.NodeTestTask.executeRecursively(NodeTestTask.java:138)
	at org.junit.platform.engine.support.hierarchical.NodeTestTask.execute(NodeTestTask.java:95)
	at org.junit.platform.engine.support.hierarchical.ForkJoinPoolHierarchicalTestExecutorService$ExclusiveTask.compute(ForkJoinPoolHierarchicalTestExecutorService.java:185)
	at org.junit.platform.engine.support.hierarchical.ForkJoinPoolHierarchicalTestExecutorService.executeNonConcurrentTasks(ForkJoinPoolHierarchicalTestExecutorService.java:155)
	at org.junit.platform.engine.support.hierarchical.ForkJoinPoolHierarchicalTestExecutorService.invokeAll(ForkJoinPoolHierarchicalTestExecutorService.java:135)
	at org.junit.platform.engine.support.hierarchical.NodeTestTask.lambda$executeRecursively$6(NodeTestTask.java:155)
	at org.junit.platform.engine.support.hierarchical.ThrowableCollector.execute(ThrowableCollector.java:73)
	at org.junit.platform.engine.support.hierarchical.NodeTestTask.lambda$executeRecursively$8(NodeTestTask.java:141)
	at org.junit.platform.engine.support.hierarchical.Node.around(Node.java:137)
	at org.junit.platform.engine.support.hierarchical.NodeTestTask.lambda$executeRecursively$9(NodeTestTask.java:139)
	at org.junit.platform.engine.support.hierarchical.ThrowableCollector.execute(ThrowableCollector.java:73)
	at org.junit.platform.engine.support.hierarchical.NodeTestTask.executeRecursively(NodeTestTask.java:138)
	at org.junit.platform.engine.support.hierarchical.NodeTestTask.execute(NodeTestTask.java:95)
	at org.junit.platform.engine.support.hierarchical.ForkJoinPoolHierarchicalTestExecutorService$ExclusiveTask.compute(ForkJoinPoolHierarchicalTestExecutorService.java:185)
	at org.junit.platform.engine.support.hierarchical.ForkJoinPoolHierarchicalTestExecutorService.invokeAll(ForkJoinPoolHierarchicalTestExecutorService.java:129)
	at org.junit.platform.engine.support.hierarchical.NodeTestTask.lambda$executeRecursively$6(NodeTestTask.java:155)
	at org.junit.platform.engine.support.hierarchical.ThrowableCollector.execute(ThrowableCollector.java:73)
	at org.junit.platform.engine.support.hierarchical.NodeTestTask.lambda$executeRecursively$8(NodeTestTask.java:141)
	at org.junit.platform.engine.support.hierarchical.Node.around(Node.java:137)
	at org.junit.platform.engine.support.hierarchical.NodeTestTask.lambda$executeRecursively$9(NodeTestTask.java:139)
	at org.junit.platform.engine.support.hierarchical.ThrowableCollector.execute(ThrowableCollector.java:73)
	at org.junit.platform.engine.support.hierarchical.NodeTestTask.executeRecursively(NodeTestTask.java:138)
	at org.junit.platform.engine.support.hierarchical.NodeTestTask.execute(NodeTestTask.java:95)
	at org.junit.platform.engine.support.hierarchical.ForkJoinPoolHierarchicalTestExecutorService$ExclusiveTask.compute(ForkJoinPoolHierarchicalTestExecutorService.java:185)
	at java.util.concurrent.RecursiveAction.exec(RecursiveAction.java:189)
	at java.util.concurrent.ForkJoinTask.doExec(ForkJoinTask.java:289)
	at java.util.concurrent.ForkJoinPool$WorkQueue.runTask(ForkJoinPool.java:1056)
	at java.util.concurrent.ForkJoinPool.runWorker(ForkJoinPool.java:1692)
	at java.util.concurrent.ForkJoinWorkerThread.run(ForkJoinWorkerThread.java:157)
]]></failure>
<system-out><![CDATA[
unique-id: [engine:junit-jupiter]/[class:com.evie.autotest.platform.testcase.example.xUnit0410.TestJunit5Example]/[test-template:test_1724917(com.evie.autotest.util.db.DataMap)]/[test-template-invocation:#7]
display-name: [7] data={12121_title=}
]]></system-out>
</testcase>
<testcase name="test_1271982797()[69]" classname="com.evie.autotest.platform.testcase.example.xUnit0410.TestJunit5Example" time="0.001">
<system-out><![CDATA[
unique-id: [engine:junit-jupiter]/[class:com.evie.autotest.platform.testcase.example.xUnit0410.TestJunit5Example]/[test-template:test_1271982797()]/[test-template-invocation:#69]
display-name: repetition 69 of 100
]]></system-out>
</testcase>
<testcase name="test_1271982797()[68]" classname="com.evie.autotest.platform.testcase.example.xUnit0410.TestJunit5Example" time="0">
<system-out><![CDATA[
unique-id: [engine:junit-jupiter]/[class:com.evie.autotest.platform.testcase.example.xUnit0410.TestJunit5Example]/[test-template:test_1271982797()]/[test-template-invocation:#68]
display-name: repetition 68 of 100
]]></system-out>
</testcase>
<testcase name="test_1271982797()[63]" classname="com.evie.autotest.platform.testcase.example.xUnit0410.TestJunit5Example" time="0">
<system-out><![CDATA[
unique-id: [engine:junit-jupiter]/[class:com.evie.autotest.platform.testcase.example.xUnit0410.TestJunit5Example]/[test-template:test_1271982797()]/[test-template-invocation:#63]
display-name: repetition 63 of 100
]]></system-out>
</testcase>
<testcase name="test_1271982797()[62]" classname="com.evie.autotest.platform.testcase.example.xUnit0410.TestJunit5Example" time="0">
<system-out><![CDATA[
unique-id: [engine:junit-jupiter]/[class:com.evie.autotest.platform.testcase.example.xUnit0410.TestJunit5Example]/[test-template:test_1271982797()]/[test-template-invocation:#62]
display-name: repetition 62 of 100
]]></system-out>
</testcase>
<testcase name="test_1271982797()[61]" classname="com.evie.autotest.platform.testcase.example.xUnit0410.TestJunit5Example" time="0">
<system-out><![CDATA[
unique-id: [engine:junit-jupiter]/[class:com.evie.autotest.platform.testcase.example.xUnit0410.TestJunit5Example]/[test-template:test_1271982797()]/[test-template-invocation:#61]
display-name: repetition 61 of 100
]]></system-out>
</testcase>
<testcase name="test_1271982797()[60]" classname="com.evie.autotest.platform.testcase.example.xUnit0410.TestJunit5Example" time="0">
<system-out><![CDATA[
unique-id: [engine:junit-jupiter]/[class:com.evie.autotest.platform.testcase.example.xUnit0410.TestJunit5Example]/[test-template:test_1271982797()]/[test-template-invocation:#60]
display-name: repetition 60 of 100
]]></system-out>
</testcase>
<testcase name="test_1271982797()[67]" classname="com.evie.autotest.platform.testcase.example.xUnit0410.TestJunit5Example" time="0">
<system-out><![CDATA[
unique-id: [engine:junit-jupiter]/[class:com.evie.autotest.platform.testcase.example.xUnit0410.TestJunit5Example]/[test-template:test_1271982797()]/[test-template-invocation:#67]
display-name: repetition 67 of 100
]]></system-out>
</testcase>
<testcase name="test_1271982797()[66]" classname="com.evie.autotest.platform.testcase.example.xUnit0410.TestJunit5Example" time="0">
<system-out><![CDATA[
unique-id: [engine:junit-jupiter]/[class:com.evie.autotest.platform.testcase.example.xUnit0410.TestJunit5Example]/[test-template:test_1271982797()]/[test-template-invocation:#66]
display-name: repetition 66 of 100
]]></system-out>
</testcase>
<testcase name="test_1271982797()[65]" classname="com.evie.autotest.platform.testcase.example.xUnit0410.TestJunit5Example" time="0">
<system-out><![CDATA[
unique-id: [engine:junit-jupiter]/[class:com.evie.autotest.platform.testcase.example.xUnit0410.TestJunit5Example]/[test-template:test_1271982797()]/[test-template-invocation:#65]
display-name: repetition 65 of 100
]]></system-out>
</testcase>
<testcase name="testWithEnumSourceRegex(TimeUnit)[1]" classname="com.evie.autotest.platform.testcase.example.xUnit0410.TestJunit5Example" time="0.001">
<system-out><![CDATA[
unique-id: [engine:junit-jupiter]/[class:com.evie.autotest.platform.testcase.example.xUnit0410.TestJunit5Example]/[test-template:testWithEnumSourceRegex(java.util.concurrent.TimeUnit)]/[test-template-invocation:#1]
display-name: [1] timeUnit=NANOSECONDS
]]></system-out>
</testcase>
<testcase name="test_1271982797()[64]" classname="com.evie.autotest.platform.testcase.example.xUnit0410.TestJunit5Example" time="0.001">
<system-out><![CDATA[
unique-id: [engine:junit-jupiter]/[class:com.evie.autotest.platform.testcase.example.xUnit0410.TestJunit5Example]/[test-template:test_1271982797()]/[test-template-invocation:#64]
display-name: repetition 64 of 100
]]></system-out>
</testcase>
<testcase name="testWithEnumSourceRegex(TimeUnit)[2]" classname="com.evie.autotest.platform.testcase.example.xUnit0410.TestJunit5Example" time="0.001">
<system-out><![CDATA[
unique-id: [engine:junit-jupiter]/[class:com.evie.autotest.platform.testcase.example.xUnit0410.TestJunit5Example]/[test-template:testWithEnumSourceRegex(java.util.concurrent.TimeUnit)]/[test-template-invocation:#2]
display-name: [2] timeUnit=MICROSECONDS
]]></system-out>
</testcase>
<system-out><![CDATA[
unique-id: [engine:junit-jupiter]
display-name: JUnit Jupiter
]]></system-out>
</testsuite>
